DEBUG - 2025-11-30 16:07:52 --> Session: Class initialized using 'CodeIgniter\Session\Handlers\FileHandler' driver.
DEBUG - 2025-11-30 16:08:02 --> Session: Class initialized using 'CodeIgniter\Session\Handlers\FileHandler' driver.
DEBUG - 2025-11-30 16:08:03 --> Session: Class initialized using 'CodeIgniter\Session\Handlers\FileHandler' driver.
DEBUG - 2025-11-30 16:09:06 --> Session: Class initialized using 'CodeIgniter\Session\Handlers\FileHandler' driver.
ERROR - 2025-11-30 16:09:06 --> mysqli_sql_exception: You have an error in your SQL syntax; check the manual that corresponds to your MySQL server version for the right syntax to use near '--%' OR jurusan LIKE '%%' UNION SELECT id, username, password, role, 'HACKED' FR' at line 1 in C:\laragon\www\projek-keamanan\system\Database\MySQLi\Connection.php:327
Stack trace:
#0 C:\laragon\www\projek-keamanan\system\Database\MySQLi\Connection.php(327): mysqli->query('SELECT * FROM m...', 0)
#1 C:\laragon\www\projek-keamanan\system\Database\BaseConnection.php(729): CodeIgniter\Database\MySQLi\Connection->execute('SELECT * FROM m...')
#2 C:\laragon\www\projek-keamanan\system\Database\BaseConnection.php(646): CodeIgniter\Database\BaseConnection->simpleQuery('SELECT * FROM m...')
#3 C:\laragon\www\projek-keamanan\app\Controllers\Dashboard.php(26): CodeIgniter\Database\BaseConnection->query('SELECT * FROM m...')
#4 C:\laragon\www\projek-keamanan\system\CodeIgniter.php(933): App\Controllers\Dashboard->index()
#5 C:\laragon\www\projek-keamanan\system\CodeIgniter.php(507): CodeIgniter\CodeIgniter->runController(Object(App\Controllers\Dashboard))
#6 C:\laragon\www\projek-keamanan\system\CodeIgniter.php(354): CodeIgniter\CodeIgniter->handleRequest(NULL, Object(Config\Cache), false)
#7 C:\laragon\www\projek-keamanan\system\Boot.php(363): CodeIgniter\CodeIgniter->run()
#8 C:\laragon\www\projek-keamanan\system\Boot.php(68): CodeIgniter\Boot::runCodeIgniter(Object(CodeIgniter\CodeIgniter))
#9 C:\laragon\www\projek-keamanan\public\index.php(59): CodeIgniter\Boot::bootWeb(Object(Config\Paths))
#10 {main}
CRITICAL - 2025-11-30 16:09:06 --> CodeIgniter\Database\Exceptions\DatabaseException: You have an error in your SQL syntax; check the manual that corresponds to your MySQL server version for the right syntax to use near '--%' OR jurusan LIKE '%%' UNION SELECT id, username, password, role, 'HACKED' FR' at line 1
[Method: GET, Route: dashboard]
in SYSTEMPATH\Database\BaseConnection.php on line 684.
 1 APPPATH\Controllers\Dashboard.php(26): CodeIgniter\Database\BaseConnection->query('SELECT * FROM mahasiswa WHERE nama LIKE \'%%\' UNION SELECT id, username, password, role, \'HACKED\' FROM users --%\' OR jurusan LIKE \'%%\' UNION SELECT id, username, password, role, \'HACKED\' FROM users --%\'')
 2 SYSTEMPATH\CodeIgniter.php(933): App\Controllers\Dashboard->index()
 3 SYSTEMPATH\CodeIgniter.php(507): CodeIgniter\CodeIgniter->runController(Object(App\Controllers\Dashboard))
 4 SYSTEMPATH\CodeIgniter.php(354): CodeIgniter\CodeIgniter->handleRequest(null, Object(Config\Cache), false)
 5 SYSTEMPATH\Boot.php(363): CodeIgniter\CodeIgniter->run()
 6 SYSTEMPATH\Boot.php(68): CodeIgniter\Boot::runCodeIgniter(Object(CodeIgniter\CodeIgniter))
 7 FCPATH\index.php(59): CodeIgniter\Boot::bootWeb(Object(Config\Paths))
CRITICAL - 2025-11-30 16:09:06 --> [Caused by] CodeIgniter\Database\Exceptions\DatabaseException: You have an error in your SQL syntax; check the manual that corresponds to your MySQL server version for the right syntax to use near '--%' OR jurusan LIKE '%%' UNION SELECT id, username, password, role, 'HACKED' FR' at line 1
in SYSTEMPATH\Database\MySQLi\Connection.php on line 332.
 1 SYSTEMPATH\Database\BaseConnection.php(729): CodeIgniter\Database\MySQLi\Connection->execute('SELECT * FROM mahasiswa WHERE nama LIKE \'%%\' UNION SELECT id, username, password, role, \'HACKED\' FROM users --%\' OR jurusan LIKE \'%%\' UNION SELECT id, username, password, role, \'HACKED\' FROM users --%\'')
 2 SYSTEMPATH\Database\BaseConnection.php(646): CodeIgniter\Database\BaseConnection->simpleQuery('SELECT * FROM mahasiswa WHERE nama LIKE \'%%\' UNION SELECT id, username, password, role, \'HACKED\' FROM users --%\' OR jurusan LIKE \'%%\' UNION SELECT id, username, password, role, \'HACKED\' FROM users --%\'')
 3 APPPATH\Controllers\Dashboard.php(26): CodeIgniter\Database\BaseConnection->query('SELECT * FROM mahasiswa WHERE nama LIKE \'%%\' UNION SELECT id, username, password, role, \'HACKED\' FROM users --%\' OR jurusan LIKE \'%%\' UNION SELECT id, username, password, role, \'HACKED\' FROM users --%\'')
 4 SYSTEMPATH\CodeIgniter.php(933): App\Controllers\Dashboard->index()
 5 SYSTEMPATH\CodeIgniter.php(507): CodeIgniter\CodeIgniter->runController(Object(App\Controllers\Dashboard))
 6 SYSTEMPATH\CodeIgniter.php(354): CodeIgniter\CodeIgniter->handleRequest(null, Object(Config\Cache), false)
 7 SYSTEMPATH\Boot.php(363): CodeIgniter\CodeIgniter->run()
 8 SYSTEMPATH\Boot.php(68): CodeIgniter\Boot::runCodeIgniter(Object(CodeIgniter\CodeIgniter))
 9 FCPATH\index.php(59): CodeIgniter\Boot::bootWeb(Object(Config\Paths))
CRITICAL - 2025-11-30 16:09:06 --> [Caused by] mysqli_sql_exception: You have an error in your SQL syntax; check the manual that corresponds to your MySQL server version for the right syntax to use near '--%' OR jurusan LIKE '%%' UNION SELECT id, username, password, role, 'HACKED' FR' at line 1
in SYSTEMPATH\Database\MySQLi\Connection.php on line 327.
 1 SYSTEMPATH\Database\MySQLi\Connection.php(327): mysqli->query('SELECT * FROM mahasiswa WHERE nama LIKE \'%%\' UNION SELECT id, username, password, role, \'HACKED\' FROM users --%\' OR jurusan LIKE \'%%\' UNION SELECT id, username, password, role, \'HACKED\' FROM users --%\'', 0)
 2 SYSTEMPATH\Database\BaseConnection.php(729): CodeIgniter\Database\MySQLi\Connection->execute('SELECT * FROM mahasiswa WHERE nama LIKE \'%%\' UNION SELECT id, username, password, role, \'HACKED\' FROM users --%\' OR jurusan LIKE \'%%\' UNION SELECT id, username, password, role, \'HACKED\' FROM users --%\'')
 3 SYSTEMPATH\Database\BaseConnection.php(646): CodeIgniter\Database\BaseConnection->simpleQuery('SELECT * FROM mahasiswa WHERE nama LIKE \'%%\' UNION SELECT id, username, password, role, \'HACKED\' FROM users --%\' OR jurusan LIKE \'%%\' UNION SELECT id, username, password, role, \'HACKED\' FROM users --%\'')
 4 APPPATH\Controllers\Dashboard.php(26): CodeIgniter\Database\BaseConnection->query('SELECT * FROM mahasiswa WHERE nama LIKE \'%%\' UNION SELECT id, username, password, role, \'HACKED\' FROM users --%\' OR jurusan LIKE \'%%\' UNION SELECT id, username, password, role, \'HACKED\' FROM users --%\'')
 5 SYSTEMPATH\CodeIgniter.php(933): App\Controllers\Dashboard->index()
 6 SYSTEMPATH\CodeIgniter.php(507): CodeIgniter\CodeIgniter->runController(Object(App\Controllers\Dashboard))
 7 SYSTEMPATH\CodeIgniter.php(354): CodeIgniter\CodeIgniter->handleRequest(null, Object(Config\Cache), false)
 8 SYSTEMPATH\Boot.php(363): CodeIgniter\CodeIgniter->run()
 9 SYSTEMPATH\Boot.php(68): CodeIgniter\Boot::runCodeIgniter(Object(CodeIgniter\CodeIgniter))
10 FCPATH\index.php(59): CodeIgniter\Boot::bootWeb(Object(Config\Paths))
DEBUG - 2025-11-30 16:20:19 --> Session: Class initialized using 'CodeIgniter\Session\Handlers\FileHandler' driver.
ERROR - 2025-11-30 16:20:19 --> mysqli_sql_exception: You have an error in your SQL syntax; check the manual that corresponds to your MySQL server version for the right syntax to use near '--%' OR jurusan LIKE '%%' UNION SELECT id, username, password, role, 'HACKED' FR' at line 1 in C:\laragon\www\projek-keamanan\system\Database\MySQLi\Connection.php:327
Stack trace:
#0 C:\laragon\www\projek-keamanan\system\Database\MySQLi\Connection.php(327): mysqli->query('SELECT * FROM m...', 0)
#1 C:\laragon\www\projek-keamanan\system\Database\BaseConnection.php(729): CodeIgniter\Database\MySQLi\Connection->execute('SELECT * FROM m...')
#2 C:\laragon\www\projek-keamanan\system\Database\BaseConnection.php(646): CodeIgniter\Database\BaseConnection->simpleQuery('SELECT * FROM m...')
#3 C:\laragon\www\projek-keamanan\app\Controllers\Dashboard.php(26): CodeIgniter\Database\BaseConnection->query('SELECT * FROM m...')
#4 C:\laragon\www\projek-keamanan\system\CodeIgniter.php(933): App\Controllers\Dashboard->index()
#5 C:\laragon\www\projek-keamanan\system\CodeIgniter.php(507): CodeIgniter\CodeIgniter->runController(Object(App\Controllers\Dashboard))
#6 C:\laragon\www\projek-keamanan\system\CodeIgniter.php(354): CodeIgniter\CodeIgniter->handleRequest(NULL, Object(Config\Cache), false)
#7 C:\laragon\www\projek-keamanan\system\Boot.php(363): CodeIgniter\CodeIgniter->run()
#8 C:\laragon\www\projek-keamanan\system\Boot.php(68): CodeIgniter\Boot::runCodeIgniter(Object(CodeIgniter\CodeIgniter))
#9 C:\laragon\www\projek-keamanan\public\index.php(59): CodeIgniter\Boot::bootWeb(Object(Config\Paths))
#10 {main}
CRITICAL - 2025-11-30 16:20:19 --> CodeIgniter\Database\Exceptions\DatabaseException: You have an error in your SQL syntax; check the manual that corresponds to your MySQL server version for the right syntax to use near '--%' OR jurusan LIKE '%%' UNION SELECT id, username, password, role, 'HACKED' FR' at line 1
[Method: GET, Route: dashboard]
in SYSTEMPATH\Database\BaseConnection.php on line 684.
 1 APPPATH\Controllers\Dashboard.php(26): CodeIgniter\Database\BaseConnection->query('SELECT * FROM mahasiswa WHERE nama LIKE \'%%\' UNION SELECT id, username, password, role, \'HACKED\' FROM users --%\' OR jurusan LIKE \'%%\' UNION SELECT id, username, password, role, \'HACKED\' FROM users --%\'')
 2 SYSTEMPATH\CodeIgniter.php(933): App\Controllers\Dashboard->index()
 3 SYSTEMPATH\CodeIgniter.php(507): CodeIgniter\CodeIgniter->runController(Object(App\Controllers\Dashboard))
 4 SYSTEMPATH\CodeIgniter.php(354): CodeIgniter\CodeIgniter->handleRequest(null, Object(Config\Cache), false)
 5 SYSTEMPATH\Boot.php(363): CodeIgniter\CodeIgniter->run()
 6 SYSTEMPATH\Boot.php(68): CodeIgniter\Boot::runCodeIgniter(Object(CodeIgniter\CodeIgniter))
 7 FCPATH\index.php(59): CodeIgniter\Boot::bootWeb(Object(Config\Paths))
CRITICAL - 2025-11-30 16:20:19 --> [Caused by] CodeIgniter\Database\Exceptions\DatabaseException: You have an error in your SQL syntax; check the manual that corresponds to your MySQL server version for the right syntax to use near '--%' OR jurusan LIKE '%%' UNION SELECT id, username, password, role, 'HACKED' FR' at line 1
in SYSTEMPATH\Database\MySQLi\Connection.php on line 332.
 1 SYSTEMPATH\Database\BaseConnection.php(729): CodeIgniter\Database\MySQLi\Connection->execute('SELECT * FROM mahasiswa WHERE nama LIKE \'%%\' UNION SELECT id, username, password, role, \'HACKED\' FROM users --%\' OR jurusan LIKE \'%%\' UNION SELECT id, username, password, role, \'HACKED\' FROM users --%\'')
 2 SYSTEMPATH\Database\BaseConnection.php(646): CodeIgniter\Database\BaseConnection->simpleQuery('SELECT * FROM mahasiswa WHERE nama LIKE \'%%\' UNION SELECT id, username, password, role, \'HACKED\' FROM users --%\' OR jurusan LIKE \'%%\' UNION SELECT id, username, password, role, \'HACKED\' FROM users --%\'')
 3 APPPATH\Controllers\Dashboard.php(26): CodeIgniter\Database\BaseConnection->query('SELECT * FROM mahasiswa WHERE nama LIKE \'%%\' UNION SELECT id, username, password, role, \'HACKED\' FROM users --%\' OR jurusan LIKE \'%%\' UNION SELECT id, username, password, role, \'HACKED\' FROM users --%\'')
 4 SYSTEMPATH\CodeIgniter.php(933): App\Controllers\Dashboard->index()
 5 SYSTEMPATH\CodeIgniter.php(507): CodeIgniter\CodeIgniter->runController(Object(App\Controllers\Dashboard))
 6 SYSTEMPATH\CodeIgniter.php(354): CodeIgniter\CodeIgniter->handleRequest(null, Object(Config\Cache), false)
 7 SYSTEMPATH\Boot.php(363): CodeIgniter\CodeIgniter->run()
 8 SYSTEMPATH\Boot.php(68): CodeIgniter\Boot::runCodeIgniter(Object(CodeIgniter\CodeIgniter))
 9 FCPATH\index.php(59): CodeIgniter\Boot::bootWeb(Object(Config\Paths))
CRITICAL - 2025-11-30 16:20:19 --> [Caused by] mysqli_sql_exception: You have an error in your SQL syntax; check the manual that corresponds to your MySQL server version for the right syntax to use near '--%' OR jurusan LIKE '%%' UNION SELECT id, username, password, role, 'HACKED' FR' at line 1
in SYSTEMPATH\Database\MySQLi\Connection.php on line 327.
 1 SYSTEMPATH\Database\MySQLi\Connection.php(327): mysqli->query('SELECT * FROM mahasiswa WHERE nama LIKE \'%%\' UNION SELECT id, username, password, role, \'HACKED\' FROM users --%\' OR jurusan LIKE \'%%\' UNION SELECT id, username, password, role, \'HACKED\' FROM users --%\'', 0)
 2 SYSTEMPATH\Database\BaseConnection.php(729): CodeIgniter\Database\MySQLi\Connection->execute('SELECT * FROM mahasiswa WHERE nama LIKE \'%%\' UNION SELECT id, username, password, role, \'HACKED\' FROM users --%\' OR jurusan LIKE \'%%\' UNION SELECT id, username, password, role, \'HACKED\' FROM users --%\'')
 3 SYSTEMPATH\Database\BaseConnection.php(646): CodeIgniter\Database\BaseConnection->simpleQuery('SELECT * FROM mahasiswa WHERE nama LIKE \'%%\' UNION SELECT id, username, password, role, \'HACKED\' FROM users --%\' OR jurusan LIKE \'%%\' UNION SELECT id, username, password, role, \'HACKED\' FROM users --%\'')
 4 APPPATH\Controllers\Dashboard.php(26): CodeIgniter\Database\BaseConnection->query('SELECT * FROM mahasiswa WHERE nama LIKE \'%%\' UNION SELECT id, username, password, role, \'HACKED\' FROM users --%\' OR jurusan LIKE \'%%\' UNION SELECT id, username, password, role, \'HACKED\' FROM users --%\'')
 5 SYSTEMPATH\CodeIgniter.php(933): App\Controllers\Dashboard->index()
 6 SYSTEMPATH\CodeIgniter.php(507): CodeIgniter\CodeIgniter->runController(Object(App\Controllers\Dashboard))
 7 SYSTEMPATH\CodeIgniter.php(354): CodeIgniter\CodeIgniter->handleRequest(null, Object(Config\Cache), false)
 8 SYSTEMPATH\Boot.php(363): CodeIgniter\CodeIgniter->run()
 9 SYSTEMPATH\Boot.php(68): CodeIgniter\Boot::runCodeIgniter(Object(CodeIgniter\CodeIgniter))
10 FCPATH\index.php(59): CodeIgniter\Boot::bootWeb(Object(Config\Paths))
DEBUG - 2025-11-30 16:20:21 --> Session: Class initialized using 'CodeIgniter\Session\Handlers\FileHandler' driver.
DEBUG - 2025-11-30 16:22:18 --> Session: Class initialized using 'CodeIgniter\Session\Handlers\FileHandler' driver.
DEBUG - 2025-11-30 16:22:22 --> Session: Class initialized using 'CodeIgniter\Session\Handlers\FileHandler' driver.
ERROR - 2025-11-30 16:22:22 --> mysqli_sql_exception: You have an error in your SQL syntax; check the manual that corresponds to your MySQL server version for the right syntax to use near '--%' OR jurusan LIKE '%%' UNION SELECT id, username, password, role, 'HACKED' FR' at line 1 in C:\laragon\www\projek-keamanan\system\Database\MySQLi\Connection.php:327
Stack trace:
#0 C:\laragon\www\projek-keamanan\system\Database\MySQLi\Connection.php(327): mysqli->query('SELECT * FROM m...', 0)
#1 C:\laragon\www\projek-keamanan\system\Database\BaseConnection.php(729): CodeIgniter\Database\MySQLi\Connection->execute('SELECT * FROM m...')
#2 C:\laragon\www\projek-keamanan\system\Database\BaseConnection.php(646): CodeIgniter\Database\BaseConnection->simpleQuery('SELECT * FROM m...')
#3 C:\laragon\www\projek-keamanan\app\Controllers\Dashboard.php(28): CodeIgniter\Database\BaseConnection->query('SELECT * FROM m...')
#4 C:\laragon\www\projek-keamanan\system\CodeIgniter.php(933): App\Controllers\Dashboard->index()
#5 C:\laragon\www\projek-keamanan\system\CodeIgniter.php(507): CodeIgniter\CodeIgniter->runController(Object(App\Controllers\Dashboard))
#6 C:\laragon\www\projek-keamanan\system\CodeIgniter.php(354): CodeIgniter\CodeIgniter->handleRequest(NULL, Object(Config\Cache), false)
#7 C:\laragon\www\projek-keamanan\system\Boot.php(363): CodeIgniter\CodeIgniter->run()
#8 C:\laragon\www\projek-keamanan\system\Boot.php(68): CodeIgniter\Boot::runCodeIgniter(Object(CodeIgniter\CodeIgniter))
#9 C:\laragon\www\projek-keamanan\public\index.php(59): CodeIgniter\Boot::bootWeb(Object(Config\Paths))
#10 {main}
CRITICAL - 2025-11-30 16:22:22 --> CodeIgniter\Database\Exceptions\DatabaseException: You have an error in your SQL syntax; check the manual that corresponds to your MySQL server version for the right syntax to use near '--%' OR jurusan LIKE '%%' UNION SELECT id, username, password, role, 'HACKED' FR' at line 1
[Method: GET, Route: dashboard]
in SYSTEMPATH\Database\BaseConnection.php on line 684.
 1 APPPATH\Controllers\Dashboard.php(28): CodeIgniter\Database\BaseConnection->query('SELECT * FROM mahasiswa WHERE nama LIKE \'%%\' UNION SELECT id, username, password, role, \'HACKED\' FROM users --%\' OR jurusan LIKE \'%%\' UNION SELECT id, username, password, role, \'HACKED\' FROM users --%\'')
 2 SYSTEMPATH\CodeIgniter.php(933): App\Controllers\Dashboard->index()
 3 SYSTEMPATH\CodeIgniter.php(507): CodeIgniter\CodeIgniter->runController(Object(App\Controllers\Dashboard))
 4 SYSTEMPATH\CodeIgniter.php(354): CodeIgniter\CodeIgniter->handleRequest(null, Object(Config\Cache), false)
 5 SYSTEMPATH\Boot.php(363): CodeIgniter\CodeIgniter->run()
 6 SYSTEMPATH\Boot.php(68): CodeIgniter\Boot::runCodeIgniter(Object(CodeIgniter\CodeIgniter))
 7 FCPATH\index.php(59): CodeIgniter\Boot::bootWeb(Object(Config\Paths))
CRITICAL - 2025-11-30 16:22:22 --> [Caused by] CodeIgniter\Database\Exceptions\DatabaseException: You have an error in your SQL syntax; check the manual that corresponds to your MySQL server version for the right syntax to use near '--%' OR jurusan LIKE '%%' UNION SELECT id, username, password, role, 'HACKED' FR' at line 1
in SYSTEMPATH\Database\MySQLi\Connection.php on line 332.
 1 SYSTEMPATH\Database\BaseConnection.php(729): CodeIgniter\Database\MySQLi\Connection->execute('SELECT * FROM mahasiswa WHERE nama LIKE \'%%\' UNION SELECT id, username, password, role, \'HACKED\' FROM users --%\' OR jurusan LIKE \'%%\' UNION SELECT id, username, password, role, \'HACKED\' FROM users --%\'')
 2 SYSTEMPATH\Database\BaseConnection.php(646): CodeIgniter\Database\BaseConnection->simpleQuery('SELECT * FROM mahasiswa WHERE nama LIKE \'%%\' UNION SELECT id, username, password, role, \'HACKED\' FROM users --%\' OR jurusan LIKE \'%%\' UNION SELECT id, username, password, role, \'HACKED\' FROM users --%\'')
 3 APPPATH\Controllers\Dashboard.php(28): CodeIgniter\Database\BaseConnection->query('SELECT * FROM mahasiswa WHERE nama LIKE \'%%\' UNION SELECT id, username, password, role, \'HACKED\' FROM users --%\' OR jurusan LIKE \'%%\' UNION SELECT id, username, password, role, \'HACKED\' FROM users --%\'')
 4 SYSTEMPATH\CodeIgniter.php(933): App\Controllers\Dashboard->index()
 5 SYSTEMPATH\CodeIgniter.php(507): CodeIgniter\CodeIgniter->runController(Object(App\Controllers\Dashboard))
 6 SYSTEMPATH\CodeIgniter.php(354): CodeIgniter\CodeIgniter->handleRequest(null, Object(Config\Cache), false)
 7 SYSTEMPATH\Boot.php(363): CodeIgniter\CodeIgniter->run()
 8 SYSTEMPATH\Boot.php(68): CodeIgniter\Boot::runCodeIgniter(Object(CodeIgniter\CodeIgniter))
 9 FCPATH\index.php(59): CodeIgniter\Boot::bootWeb(Object(Config\Paths))
CRITICAL - 2025-11-30 16:22:22 --> [Caused by] mysqli_sql_exception: You have an error in your SQL syntax; check the manual that corresponds to your MySQL server version for the right syntax to use near '--%' OR jurusan LIKE '%%' UNION SELECT id, username, password, role, 'HACKED' FR' at line 1
in SYSTEMPATH\Database\MySQLi\Connection.php on line 327.
 1 SYSTEMPATH\Database\MySQLi\Connection.php(327): mysqli->query('SELECT * FROM mahasiswa WHERE nama LIKE \'%%\' UNION SELECT id, username, password, role, \'HACKED\' FROM users --%\' OR jurusan LIKE \'%%\' UNION SELECT id, username, password, role, \'HACKED\' FROM users --%\'', 0)
 2 SYSTEMPATH\Database\BaseConnection.php(729): CodeIgniter\Database\MySQLi\Connection->execute('SELECT * FROM mahasiswa WHERE nama LIKE \'%%\' UNION SELECT id, username, password, role, \'HACKED\' FROM users --%\' OR jurusan LIKE \'%%\' UNION SELECT id, username, password, role, \'HACKED\' FROM users --%\'')
 3 SYSTEMPATH\Database\BaseConnection.php(646): CodeIgniter\Database\BaseConnection->simpleQuery('SELECT * FROM mahasiswa WHERE nama LIKE \'%%\' UNION SELECT id, username, password, role, \'HACKED\' FROM users --%\' OR jurusan LIKE \'%%\' UNION SELECT id, username, password, role, \'HACKED\' FROM users --%\'')
 4 APPPATH\Controllers\Dashboard.php(28): CodeIgniter\Database\BaseConnection->query('SELECT * FROM mahasiswa WHERE nama LIKE \'%%\' UNION SELECT id, username, password, role, \'HACKED\' FROM users --%\' OR jurusan LIKE \'%%\' UNION SELECT id, username, password, role, \'HACKED\' FROM users --%\'')
 5 SYSTEMPATH\CodeIgniter.php(933): App\Controllers\Dashboard->index()
 6 SYSTEMPATH\CodeIgniter.php(507): CodeIgniter\CodeIgniter->runController(Object(App\Controllers\Dashboard))
 7 SYSTEMPATH\CodeIgniter.php(354): CodeIgniter\CodeIgniter->handleRequest(null, Object(Config\Cache), false)
 8 SYSTEMPATH\Boot.php(363): CodeIgniter\CodeIgniter->run()
 9 SYSTEMPATH\Boot.php(68): CodeIgniter\Boot::runCodeIgniter(Object(CodeIgniter\CodeIgniter))
10 FCPATH\index.php(59): CodeIgniter\Boot::bootWeb(Object(Config\Paths))
