DEBUG - 2025-12-11 18:47:00 --> Session: Class initialized using 'CodeIgniter\Session\Handlers\FileHandler' driver.
DEBUG - 2025-12-11 18:48:55 --> Session: Class initialized using 'CodeIgniter\Session\Handlers\FileHandler' driver.
DEBUG - 2025-12-11 18:48:56 --> Session: Class initialized using 'CodeIgniter\Session\Handlers\FileHandler' driver.
DEBUG - 2025-12-11 18:50:34 --> Session: Class initialized using 'CodeIgniter\Session\Handlers\FileHandler' driver.
DEBUG - 2025-12-11 18:50:52 --> Session: Class initialized using 'CodeIgniter\Session\Handlers\FileHandler' driver.
DEBUG - 2025-12-11 18:51:38 --> Session: Class initialized using 'CodeIgniter\Session\Handlers\FileHandler' driver.
DEBUG - 2025-12-11 18:51:39 --> Session: Class initialized using 'CodeIgniter\Session\Handlers\FileHandler' driver.
DEBUG - 2025-12-11 18:51:43 --> Session: Class initialized using 'CodeIgniter\Session\Handlers\FileHandler' driver.
DEBUG - 2025-12-11 18:51:49 --> Session: Class initialized using 'CodeIgniter\Session\Handlers\FileHandler' driver.
DEBUG - 2025-12-11 18:51:49 --> Session: Class initialized using 'CodeIgniter\Session\Handlers\FileHandler' driver.
DEBUG - 2025-12-11 18:51:58 --> Session: Class initialized using 'CodeIgniter\Session\Handlers\FileHandler' driver.
DEBUG - 2025-12-11 18:52:30 --> Session: Class initialized using 'CodeIgniter\Session\Handlers\FileHandler' driver.
ERROR - 2025-12-11 18:52:30 --> mysqli_sql_exception: You have an error in your SQL syntax; check the manual that corresponds to your MySQL server version for the right syntax to use near '1' OR'1'=1' AND password = ''' at line 1 in D:\laragon\www\PKSJ-2025-SQLi-Mitigation\code\system\Database\MySQLi\Connection.php:327
Stack trace:
#0 D:\laragon\www\PKSJ-2025-SQLi-Mitigation\code\system\Database\MySQLi\Connection.php(327): mysqli->query('SELECT * FROM u...', 0)
#1 D:\laragon\www\PKSJ-2025-SQLi-Mitigation\code\system\Database\BaseConnection.php(729): CodeIgniter\Database\MySQLi\Connection->execute('SELECT * FROM u...')
#2 D:\laragon\www\PKSJ-2025-SQLi-Mitigation\code\system\Database\BaseConnection.php(646): CodeIgniter\Database\BaseConnection->simpleQuery('SELECT * FROM u...')
#3 D:\laragon\www\PKSJ-2025-SQLi-Mitigation\code\app\Controllers\Login.php(34): CodeIgniter\Database\BaseConnection->query('SELECT * FROM u...')
#4 D:\laragon\www\PKSJ-2025-SQLi-Mitigation\code\system\CodeIgniter.php(933): App\Controllers\Login->auth()
#5 D:\laragon\www\PKSJ-2025-SQLi-Mitigation\code\system\CodeIgniter.php(507): CodeIgniter\CodeIgniter->runController(Object(App\Controllers\Login))
#6 D:\laragon\www\PKSJ-2025-SQLi-Mitigation\code\system\CodeIgniter.php(354): CodeIgniter\CodeIgniter->handleRequest(NULL, Object(Config\Cache), false)
#7 D:\laragon\www\PKSJ-2025-SQLi-Mitigation\code\system\Boot.php(363): CodeIgniter\CodeIgniter->run()
#8 D:\laragon\www\PKSJ-2025-SQLi-Mitigation\code\system\Boot.php(68): CodeIgniter\Boot::runCodeIgniter(Object(CodeIgniter\CodeIgniter))
#9 D:\laragon\www\PKSJ-2025-SQLi-Mitigation\code\public\index.php(59): CodeIgniter\Boot::bootWeb(Object(Config\Paths))
#10 {main}
CRITICAL - 2025-12-11 18:52:30 --> CodeIgniter\Database\Exceptions\DatabaseException: You have an error in your SQL syntax; check the manual that corresponds to your MySQL server version for the right syntax to use near '1' OR'1'=1' AND password = ''' at line 1
[Method: POST, Route: login/auth]
in SYSTEMPATH\Database\BaseConnection.php on line 684.
 1 APPPATH\Controllers\Login.php(34): CodeIgniter\Database\BaseConnection->query('SELECT * FROM users WHERE username = \'admin\'1\' OR\'1\'=1\' AND password = \'\'')
 2 SYSTEMPATH\CodeIgniter.php(933): App\Controllers\Login->auth()
 3 SYSTEMPATH\CodeIgniter.php(507): CodeIgniter\CodeIgniter->runController(Object(App\Controllers\Login))
 4 SYSTEMPATH\CodeIgniter.php(354): CodeIgniter\CodeIgniter->handleRequest(null, Object(Config\Cache), false)
 5 SYSTEMPATH\Boot.php(363): CodeIgniter\CodeIgniter->run()
 6 SYSTEMPATH\Boot.php(68): CodeIgniter\Boot::runCodeIgniter(Object(CodeIgniter\CodeIgniter))
 7 FCPATH\index.php(59): CodeIgniter\Boot::bootWeb(Object(Config\Paths))
CRITICAL - 2025-12-11 18:52:30 --> [Caused by] CodeIgniter\Database\Exceptions\DatabaseException: You have an error in your SQL syntax; check the manual that corresponds to your MySQL server version for the right syntax to use near '1' OR'1'=1' AND password = ''' at line 1
in SYSTEMPATH\Database\MySQLi\Connection.php on line 332.
 1 SYSTEMPATH\Database\BaseConnection.php(729): CodeIgniter\Database\MySQLi\Connection->execute('SELECT * FROM users WHERE username = \'admin\'1\' OR\'1\'=1\' AND password = \'\'')
 2 SYSTEMPATH\Database\BaseConnection.php(646): CodeIgniter\Database\BaseConnection->simpleQuery('SELECT * FROM users WHERE username = \'admin\'1\' OR\'1\'=1\' AND password = \'\'')
 3 APPPATH\Controllers\Login.php(34): CodeIgniter\Database\BaseConnection->query('SELECT * FROM users WHERE username = \'admin\'1\' OR\'1\'=1\' AND password = \'\'')
 4 SYSTEMPATH\CodeIgniter.php(933): App\Controllers\Login->auth()
 5 SYSTEMPATH\CodeIgniter.php(507): CodeIgniter\CodeIgniter->runController(Object(App\Controllers\Login))
 6 SYSTEMPATH\CodeIgniter.php(354): CodeIgniter\CodeIgniter->handleRequest(null, Object(Config\Cache), false)
 7 SYSTEMPATH\Boot.php(363): CodeIgniter\CodeIgniter->run()
 8 SYSTEMPATH\Boot.php(68): CodeIgniter\Boot::runCodeIgniter(Object(CodeIgniter\CodeIgniter))
 9 FCPATH\index.php(59): CodeIgniter\Boot::bootWeb(Object(Config\Paths))
CRITICAL - 2025-12-11 18:52:30 --> [Caused by] mysqli_sql_exception: You have an error in your SQL syntax; check the manual that corresponds to your MySQL server version for the right syntax to use near '1' OR'1'=1' AND password = ''' at line 1
in SYSTEMPATH\Database\MySQLi\Connection.php on line 327.
 1 SYSTEMPATH\Database\MySQLi\Connection.php(327): mysqli->query('SELECT * FROM users WHERE username = \'admin\'1\' OR\'1\'=1\' AND password = \'\'', 0)
 2 SYSTEMPATH\Database\BaseConnection.php(729): CodeIgniter\Database\MySQLi\Connection->execute('SELECT * FROM users WHERE username = \'admin\'1\' OR\'1\'=1\' AND password = \'\'')
 3 SYSTEMPATH\Database\BaseConnection.php(646): CodeIgniter\Database\BaseConnection->simpleQuery('SELECT * FROM users WHERE username = \'admin\'1\' OR\'1\'=1\' AND password = \'\'')
 4 APPPATH\Controllers\Login.php(34): CodeIgniter\Database\BaseConnection->query('SELECT * FROM users WHERE username = \'admin\'1\' OR\'1\'=1\' AND password = \'\'')
 5 SYSTEMPATH\CodeIgniter.php(933): App\Controllers\Login->auth()
 6 SYSTEMPATH\CodeIgniter.php(507): CodeIgniter\CodeIgniter->runController(Object(App\Controllers\Login))
 7 SYSTEMPATH\CodeIgniter.php(354): CodeIgniter\CodeIgniter->handleRequest(null, Object(Config\Cache), false)
 8 SYSTEMPATH\Boot.php(363): CodeIgniter\CodeIgniter->run()
 9 SYSTEMPATH\Boot.php(68): CodeIgniter\Boot::runCodeIgniter(Object(CodeIgniter\CodeIgniter))
10 FCPATH\index.php(59): CodeIgniter\Boot::bootWeb(Object(Config\Paths))
DEBUG - 2025-12-11 18:52:37 --> Session: Class initialized using 'CodeIgniter\Session\Handlers\FileHandler' driver.
ERROR - 2025-12-11 18:52:37 --> mysqli_sql_exception: You have an error in your SQL syntax; check the manual that corresponds to your MySQL server version for the right syntax to use near '1'OR'1'=1' AND password = ''' at line 1 in D:\laragon\www\PKSJ-2025-SQLi-Mitigation\code\system\Database\MySQLi\Connection.php:327
Stack trace:
#0 D:\laragon\www\PKSJ-2025-SQLi-Mitigation\code\system\Database\MySQLi\Connection.php(327): mysqli->query('SELECT * FROM u...', 0)
#1 D:\laragon\www\PKSJ-2025-SQLi-Mitigation\code\system\Database\BaseConnection.php(729): CodeIgniter\Database\MySQLi\Connection->execute('SELECT * FROM u...')
#2 D:\laragon\www\PKSJ-2025-SQLi-Mitigation\code\system\Database\BaseConnection.php(646): CodeIgniter\Database\BaseConnection->simpleQuery('SELECT * FROM u...')
#3 D:\laragon\www\PKSJ-2025-SQLi-Mitigation\code\app\Controllers\Login.php(34): CodeIgniter\Database\BaseConnection->query('SELECT * FROM u...')
#4 D:\laragon\www\PKSJ-2025-SQLi-Mitigation\code\system\CodeIgniter.php(933): App\Controllers\Login->auth()
#5 D:\laragon\www\PKSJ-2025-SQLi-Mitigation\code\system\CodeIgniter.php(507): CodeIgniter\CodeIgniter->runController(Object(App\Controllers\Login))
#6 D:\laragon\www\PKSJ-2025-SQLi-Mitigation\code\system\CodeIgniter.php(354): CodeIgniter\CodeIgniter->handleRequest(NULL, Object(Config\Cache), false)
#7 D:\laragon\www\PKSJ-2025-SQLi-Mitigation\code\system\Boot.php(363): CodeIgniter\CodeIgniter->run()
#8 D:\laragon\www\PKSJ-2025-SQLi-Mitigation\code\system\Boot.php(68): CodeIgniter\Boot::runCodeIgniter(Object(CodeIgniter\CodeIgniter))
#9 D:\laragon\www\PKSJ-2025-SQLi-Mitigation\code\public\index.php(59): CodeIgniter\Boot::bootWeb(Object(Config\Paths))
#10 {main}
CRITICAL - 2025-12-11 18:52:37 --> CodeIgniter\Database\Exceptions\DatabaseException: You have an error in your SQL syntax; check the manual that corresponds to your MySQL server version for the right syntax to use near '1'OR'1'=1' AND password = ''' at line 1
[Method: POST, Route: login/auth]
in SYSTEMPATH\Database\BaseConnection.php on line 684.
 1 APPPATH\Controllers\Login.php(34): CodeIgniter\Database\BaseConnection->query('SELECT * FROM users WHERE username = \'admin\'1\'OR\'1\'=1\' AND password = \'\'')
 2 SYSTEMPATH\CodeIgniter.php(933): App\Controllers\Login->auth()
 3 SYSTEMPATH\CodeIgniter.php(507): CodeIgniter\CodeIgniter->runController(Object(App\Controllers\Login))
 4 SYSTEMPATH\CodeIgniter.php(354): CodeIgniter\CodeIgniter->handleRequest(null, Object(Config\Cache), false)
 5 SYSTEMPATH\Boot.php(363): CodeIgniter\CodeIgniter->run()
 6 SYSTEMPATH\Boot.php(68): CodeIgniter\Boot::runCodeIgniter(Object(CodeIgniter\CodeIgniter))
 7 FCPATH\index.php(59): CodeIgniter\Boot::bootWeb(Object(Config\Paths))
CRITICAL - 2025-12-11 18:52:37 --> [Caused by] CodeIgniter\Database\Exceptions\DatabaseException: You have an error in your SQL syntax; check the manual that corresponds to your MySQL server version for the right syntax to use near '1'OR'1'=1' AND password = ''' at line 1
in SYSTEMPATH\Database\MySQLi\Connection.php on line 332.
 1 SYSTEMPATH\Database\BaseConnection.php(729): CodeIgniter\Database\MySQLi\Connection->execute('SELECT * FROM users WHERE username = \'admin\'1\'OR\'1\'=1\' AND password = \'\'')
 2 SYSTEMPATH\Database\BaseConnection.php(646): CodeIgniter\Database\BaseConnection->simpleQuery('SELECT * FROM users WHERE username = \'admin\'1\'OR\'1\'=1\' AND password = \'\'')
 3 APPPATH\Controllers\Login.php(34): CodeIgniter\Database\BaseConnection->query('SELECT * FROM users WHERE username = \'admin\'1\'OR\'1\'=1\' AND password = \'\'')
 4 SYSTEMPATH\CodeIgniter.php(933): App\Controllers\Login->auth()
 5 SYSTEMPATH\CodeIgniter.php(507): CodeIgniter\CodeIgniter->runController(Object(App\Controllers\Login))
 6 SYSTEMPATH\CodeIgniter.php(354): CodeIgniter\CodeIgniter->handleRequest(null, Object(Config\Cache), false)
 7 SYSTEMPATH\Boot.php(363): CodeIgniter\CodeIgniter->run()
 8 SYSTEMPATH\Boot.php(68): CodeIgniter\Boot::runCodeIgniter(Object(CodeIgniter\CodeIgniter))
 9 FCPATH\index.php(59): CodeIgniter\Boot::bootWeb(Object(Config\Paths))
CRITICAL - 2025-12-11 18:52:37 --> [Caused by] mysqli_sql_exception: You have an error in your SQL syntax; check the manual that corresponds to your MySQL server version for the right syntax to use near '1'OR'1'=1' AND password = ''' at line 1
in SYSTEMPATH\Database\MySQLi\Connection.php on line 327.
 1 SYSTEMPATH\Database\MySQLi\Connection.php(327): mysqli->query('SELECT * FROM users WHERE username = \'admin\'1\'OR\'1\'=1\' AND password = \'\'', 0)
 2 SYSTEMPATH\Database\BaseConnection.php(729): CodeIgniter\Database\MySQLi\Connection->execute('SELECT * FROM users WHERE username = \'admin\'1\'OR\'1\'=1\' AND password = \'\'')
 3 SYSTEMPATH\Database\BaseConnection.php(646): CodeIgniter\Database\BaseConnection->simpleQuery('SELECT * FROM users WHERE username = \'admin\'1\'OR\'1\'=1\' AND password = \'\'')
 4 APPPATH\Controllers\Login.php(34): CodeIgniter\Database\BaseConnection->query('SELECT * FROM users WHERE username = \'admin\'1\'OR\'1\'=1\' AND password = \'\'')
 5 SYSTEMPATH\CodeIgniter.php(933): App\Controllers\Login->auth()
 6 SYSTEMPATH\CodeIgniter.php(507): CodeIgniter\CodeIgniter->runController(Object(App\Controllers\Login))
 7 SYSTEMPATH\CodeIgniter.php(354): CodeIgniter\CodeIgniter->handleRequest(null, Object(Config\Cache), false)
 8 SYSTEMPATH\Boot.php(363): CodeIgniter\CodeIgniter->run()
 9 SYSTEMPATH\Boot.php(68): CodeIgniter\Boot::runCodeIgniter(Object(CodeIgniter\CodeIgniter))
10 FCPATH\index.php(59): CodeIgniter\Boot::bootWeb(Object(Config\Paths))
DEBUG - 2025-12-11 18:53:42 --> Session: Class initialized using 'CodeIgniter\Session\Handlers\FileHandler' driver.
ERROR - 2025-12-11 18:53:42 --> mysqli_sql_exception: You have an error in your SQL syntax; check the manual that corresponds to your MySQL server version for the right syntax to use near '1'OR '1'='1'' AND password = ''' at line 1 in D:\laragon\www\PKSJ-2025-SQLi-Mitigation\code\system\Database\MySQLi\Connection.php:327
Stack trace:
#0 D:\laragon\www\PKSJ-2025-SQLi-Mitigation\code\system\Database\MySQLi\Connection.php(327): mysqli->query('SELECT * FROM u...', 0)
#1 D:\laragon\www\PKSJ-2025-SQLi-Mitigation\code\system\Database\BaseConnection.php(729): CodeIgniter\Database\MySQLi\Connection->execute('SELECT * FROM u...')
#2 D:\laragon\www\PKSJ-2025-SQLi-Mitigation\code\system\Database\BaseConnection.php(646): CodeIgniter\Database\BaseConnection->simpleQuery('SELECT * FROM u...')
#3 D:\laragon\www\PKSJ-2025-SQLi-Mitigation\code\app\Controllers\Login.php(34): CodeIgniter\Database\BaseConnection->query('SELECT * FROM u...')
#4 D:\laragon\www\PKSJ-2025-SQLi-Mitigation\code\system\CodeIgniter.php(933): App\Controllers\Login->auth()
#5 D:\laragon\www\PKSJ-2025-SQLi-Mitigation\code\system\CodeIgniter.php(507): CodeIgniter\CodeIgniter->runController(Object(App\Controllers\Login))
#6 D:\laragon\www\PKSJ-2025-SQLi-Mitigation\code\system\CodeIgniter.php(354): CodeIgniter\CodeIgniter->handleRequest(NULL, Object(Config\Cache), false)
#7 D:\laragon\www\PKSJ-2025-SQLi-Mitigation\code\system\Boot.php(363): CodeIgniter\CodeIgniter->run()
#8 D:\laragon\www\PKSJ-2025-SQLi-Mitigation\code\system\Boot.php(68): CodeIgniter\Boot::runCodeIgniter(Object(CodeIgniter\CodeIgniter))
#9 D:\laragon\www\PKSJ-2025-SQLi-Mitigation\code\public\index.php(59): CodeIgniter\Boot::bootWeb(Object(Config\Paths))
#10 {main}
CRITICAL - 2025-12-11 18:53:42 --> CodeIgniter\Database\Exceptions\DatabaseException: You have an error in your SQL syntax; check the manual that corresponds to your MySQL server version for the right syntax to use near '1'OR '1'='1'' AND password = ''' at line 1
[Method: POST, Route: login/auth]
in SYSTEMPATH\Database\BaseConnection.php on line 684.
 1 APPPATH\Controllers\Login.php(34): CodeIgniter\Database\BaseConnection->query('SELECT * FROM users WHERE username = \'admin\'1\'OR \'1\'=\'1\'\' AND password = \'\'')
 2 SYSTEMPATH\CodeIgniter.php(933): App\Controllers\Login->auth()
 3 SYSTEMPATH\CodeIgniter.php(507): CodeIgniter\CodeIgniter->runController(Object(App\Controllers\Login))
 4 SYSTEMPATH\CodeIgniter.php(354): CodeIgniter\CodeIgniter->handleRequest(null, Object(Config\Cache), false)
 5 SYSTEMPATH\Boot.php(363): CodeIgniter\CodeIgniter->run()
 6 SYSTEMPATH\Boot.php(68): CodeIgniter\Boot::runCodeIgniter(Object(CodeIgniter\CodeIgniter))
 7 FCPATH\index.php(59): CodeIgniter\Boot::bootWeb(Object(Config\Paths))
CRITICAL - 2025-12-11 18:53:42 --> [Caused by] CodeIgniter\Database\Exceptions\DatabaseException: You have an error in your SQL syntax; check the manual that corresponds to your MySQL server version for the right syntax to use near '1'OR '1'='1'' AND password = ''' at line 1
in SYSTEMPATH\Database\MySQLi\Connection.php on line 332.
 1 SYSTEMPATH\Database\BaseConnection.php(729): CodeIgniter\Database\MySQLi\Connection->execute('SELECT * FROM users WHERE username = \'admin\'1\'OR \'1\'=\'1\'\' AND password = \'\'')
 2 SYSTEMPATH\Database\BaseConnection.php(646): CodeIgniter\Database\BaseConnection->simpleQuery('SELECT * FROM users WHERE username = \'admin\'1\'OR \'1\'=\'1\'\' AND password = \'\'')
 3 APPPATH\Controllers\Login.php(34): CodeIgniter\Database\BaseConnection->query('SELECT * FROM users WHERE username = \'admin\'1\'OR \'1\'=\'1\'\' AND password = \'\'')
 4 SYSTEMPATH\CodeIgniter.php(933): App\Controllers\Login->auth()
 5 SYSTEMPATH\CodeIgniter.php(507): CodeIgniter\CodeIgniter->runController(Object(App\Controllers\Login))
 6 SYSTEMPATH\CodeIgniter.php(354): CodeIgniter\CodeIgniter->handleRequest(null, Object(Config\Cache), false)
 7 SYSTEMPATH\Boot.php(363): CodeIgniter\CodeIgniter->run()
 8 SYSTEMPATH\Boot.php(68): CodeIgniter\Boot::runCodeIgniter(Object(CodeIgniter\CodeIgniter))
 9 FCPATH\index.php(59): CodeIgniter\Boot::bootWeb(Object(Config\Paths))
CRITICAL - 2025-12-11 18:53:42 --> [Caused by] mysqli_sql_exception: You have an error in your SQL syntax; check the manual that corresponds to your MySQL server version for the right syntax to use near '1'OR '1'='1'' AND password = ''' at line 1
in SYSTEMPATH\Database\MySQLi\Connection.php on line 327.
 1 SYSTEMPATH\Database\MySQLi\Connection.php(327): mysqli->query('SELECT * FROM users WHERE username = \'admin\'1\'OR \'1\'=\'1\'\' AND password = \'\'', 0)
 2 SYSTEMPATH\Database\BaseConnection.php(729): CodeIgniter\Database\MySQLi\Connection->execute('SELECT * FROM users WHERE username = \'admin\'1\'OR \'1\'=\'1\'\' AND password = \'\'')
 3 SYSTEMPATH\Database\BaseConnection.php(646): CodeIgniter\Database\BaseConnection->simpleQuery('SELECT * FROM users WHERE username = \'admin\'1\'OR \'1\'=\'1\'\' AND password = \'\'')
 4 APPPATH\Controllers\Login.php(34): CodeIgniter\Database\BaseConnection->query('SELECT * FROM users WHERE username = \'admin\'1\'OR \'1\'=\'1\'\' AND password = \'\'')
 5 SYSTEMPATH\CodeIgniter.php(933): App\Controllers\Login->auth()
 6 SYSTEMPATH\CodeIgniter.php(507): CodeIgniter\CodeIgniter->runController(Object(App\Controllers\Login))
 7 SYSTEMPATH\CodeIgniter.php(354): CodeIgniter\CodeIgniter->handleRequest(null, Object(Config\Cache), false)
 8 SYSTEMPATH\Boot.php(363): CodeIgniter\CodeIgniter->run()
 9 SYSTEMPATH\Boot.php(68): CodeIgniter\Boot::runCodeIgniter(Object(CodeIgniter\CodeIgniter))
10 FCPATH\index.php(59): CodeIgniter\Boot::bootWeb(Object(Config\Paths))
DEBUG - 2025-12-11 18:53:48 --> Session: Class initialized using 'CodeIgniter\Session\Handlers\FileHandler' driver.
ERROR - 2025-12-11 18:53:48 --> mysqli_sql_exception: You have an error in your SQL syntax; check the manual that corresponds to your MySQL server version for the right syntax to use near '1' OR '1'='1'' AND password = ''' at line 1 in D:\laragon\www\PKSJ-2025-SQLi-Mitigation\code\system\Database\MySQLi\Connection.php:327
Stack trace:
#0 D:\laragon\www\PKSJ-2025-SQLi-Mitigation\code\system\Database\MySQLi\Connection.php(327): mysqli->query('SELECT * FROM u...', 0)
#1 D:\laragon\www\PKSJ-2025-SQLi-Mitigation\code\system\Database\BaseConnection.php(729): CodeIgniter\Database\MySQLi\Connection->execute('SELECT * FROM u...')
#2 D:\laragon\www\PKSJ-2025-SQLi-Mitigation\code\system\Database\BaseConnection.php(646): CodeIgniter\Database\BaseConnection->simpleQuery('SELECT * FROM u...')
#3 D:\laragon\www\PKSJ-2025-SQLi-Mitigation\code\app\Controllers\Login.php(34): CodeIgniter\Database\BaseConnection->query('SELECT * FROM u...')
#4 D:\laragon\www\PKSJ-2025-SQLi-Mitigation\code\system\CodeIgniter.php(933): App\Controllers\Login->auth()
#5 D:\laragon\www\PKSJ-2025-SQLi-Mitigation\code\system\CodeIgniter.php(507): CodeIgniter\CodeIgniter->runController(Object(App\Controllers\Login))
#6 D:\laragon\www\PKSJ-2025-SQLi-Mitigation\code\system\CodeIgniter.php(354): CodeIgniter\CodeIgniter->handleRequest(NULL, Object(Config\Cache), false)
#7 D:\laragon\www\PKSJ-2025-SQLi-Mitigation\code\system\Boot.php(363): CodeIgniter\CodeIgniter->run()
#8 D:\laragon\www\PKSJ-2025-SQLi-Mitigation\code\system\Boot.php(68): CodeIgniter\Boot::runCodeIgniter(Object(CodeIgniter\CodeIgniter))
#9 D:\laragon\www\PKSJ-2025-SQLi-Mitigation\code\public\index.php(59): CodeIgniter\Boot::bootWeb(Object(Config\Paths))
#10 {main}
CRITICAL - 2025-12-11 18:53:48 --> CodeIgniter\Database\Exceptions\DatabaseException: You have an error in your SQL syntax; check the manual that corresponds to your MySQL server version for the right syntax to use near '1' OR '1'='1'' AND password = ''' at line 1
[Method: POST, Route: login/auth]
in SYSTEMPATH\Database\BaseConnection.php on line 684.
 1 APPPATH\Controllers\Login.php(34): CodeIgniter\Database\BaseConnection->query('SELECT * FROM users WHERE username = \'admin\'1\' OR \'1\'=\'1\'\' AND password = \'\'')
 2 SYSTEMPATH\CodeIgniter.php(933): App\Controllers\Login->auth()
 3 SYSTEMPATH\CodeIgniter.php(507): CodeIgniter\CodeIgniter->runController(Object(App\Controllers\Login))
 4 SYSTEMPATH\CodeIgniter.php(354): CodeIgniter\CodeIgniter->handleRequest(null, Object(Config\Cache), false)
 5 SYSTEMPATH\Boot.php(363): CodeIgniter\CodeIgniter->run()
 6 SYSTEMPATH\Boot.php(68): CodeIgniter\Boot::runCodeIgniter(Object(CodeIgniter\CodeIgniter))
 7 FCPATH\index.php(59): CodeIgniter\Boot::bootWeb(Object(Config\Paths))
CRITICAL - 2025-12-11 18:53:48 --> [Caused by] CodeIgniter\Database\Exceptions\DatabaseException: You have an error in your SQL syntax; check the manual that corresponds to your MySQL server version for the right syntax to use near '1' OR '1'='1'' AND password = ''' at line 1
in SYSTEMPATH\Database\MySQLi\Connection.php on line 332.
 1 SYSTEMPATH\Database\BaseConnection.php(729): CodeIgniter\Database\MySQLi\Connection->execute('SELECT * FROM users WHERE username = \'admin\'1\' OR \'1\'=\'1\'\' AND password = \'\'')
 2 SYSTEMPATH\Database\BaseConnection.php(646): CodeIgniter\Database\BaseConnection->simpleQuery('SELECT * FROM users WHERE username = \'admin\'1\' OR \'1\'=\'1\'\' AND password = \'\'')
 3 APPPATH\Controllers\Login.php(34): CodeIgniter\Database\BaseConnection->query('SELECT * FROM users WHERE username = \'admin\'1\' OR \'1\'=\'1\'\' AND password = \'\'')
 4 SYSTEMPATH\CodeIgniter.php(933): App\Controllers\Login->auth()
 5 SYSTEMPATH\CodeIgniter.php(507): CodeIgniter\CodeIgniter->runController(Object(App\Controllers\Login))
 6 SYSTEMPATH\CodeIgniter.php(354): CodeIgniter\CodeIgniter->handleRequest(null, Object(Config\Cache), false)
 7 SYSTEMPATH\Boot.php(363): CodeIgniter\CodeIgniter->run()
 8 SYSTEMPATH\Boot.php(68): CodeIgniter\Boot::runCodeIgniter(Object(CodeIgniter\CodeIgniter))
 9 FCPATH\index.php(59): CodeIgniter\Boot::bootWeb(Object(Config\Paths))
CRITICAL - 2025-12-11 18:53:48 --> [Caused by] mysqli_sql_exception: You have an error in your SQL syntax; check the manual that corresponds to your MySQL server version for the right syntax to use near '1' OR '1'='1'' AND password = ''' at line 1
in SYSTEMPATH\Database\MySQLi\Connection.php on line 327.
 1 SYSTEMPATH\Database\MySQLi\Connection.php(327): mysqli->query('SELECT * FROM users WHERE username = \'admin\'1\' OR \'1\'=\'1\'\' AND password = \'\'', 0)
 2 SYSTEMPATH\Database\BaseConnection.php(729): CodeIgniter\Database\MySQLi\Connection->execute('SELECT * FROM users WHERE username = \'admin\'1\' OR \'1\'=\'1\'\' AND password = \'\'')
 3 SYSTEMPATH\Database\BaseConnection.php(646): CodeIgniter\Database\BaseConnection->simpleQuery('SELECT * FROM users WHERE username = \'admin\'1\' OR \'1\'=\'1\'\' AND password = \'\'')
 4 APPPATH\Controllers\Login.php(34): CodeIgniter\Database\BaseConnection->query('SELECT * FROM users WHERE username = \'admin\'1\' OR \'1\'=\'1\'\' AND password = \'\'')
 5 SYSTEMPATH\CodeIgniter.php(933): App\Controllers\Login->auth()
 6 SYSTEMPATH\CodeIgniter.php(507): CodeIgniter\CodeIgniter->runController(Object(App\Controllers\Login))
 7 SYSTEMPATH\CodeIgniter.php(354): CodeIgniter\CodeIgniter->handleRequest(null, Object(Config\Cache), false)
 8 SYSTEMPATH\Boot.php(363): CodeIgniter\CodeIgniter->run()
 9 SYSTEMPATH\Boot.php(68): CodeIgniter\Boot::runCodeIgniter(Object(CodeIgniter\CodeIgniter))
10 FCPATH\index.php(59): CodeIgniter\Boot::bootWeb(Object(Config\Paths))
DEBUG - 2025-12-11 18:54:29 --> Session: Class initialized using 'CodeIgniter\Session\Handlers\FileHandler' driver.
ERROR - 2025-12-11 18:54:29 --> mysqli_sql_exception: You have an error in your SQL syntax; check the manual that corresponds to your MySQL server version for the right syntax to use near '1OR'1'='1'' AND password = ''' at line 1 in D:\laragon\www\PKSJ-2025-SQLi-Mitigation\code\system\Database\MySQLi\Connection.php:327
Stack trace:
#0 D:\laragon\www\PKSJ-2025-SQLi-Mitigation\code\system\Database\MySQLi\Connection.php(327): mysqli->query('SELECT * FROM u...', 0)
#1 D:\laragon\www\PKSJ-2025-SQLi-Mitigation\code\system\Database\BaseConnection.php(729): CodeIgniter\Database\MySQLi\Connection->execute('SELECT * FROM u...')
#2 D:\laragon\www\PKSJ-2025-SQLi-Mitigation\code\system\Database\BaseConnection.php(646): CodeIgniter\Database\BaseConnection->simpleQuery('SELECT * FROM u...')
#3 D:\laragon\www\PKSJ-2025-SQLi-Mitigation\code\app\Controllers\Login.php(34): CodeIgniter\Database\BaseConnection->query('SELECT * FROM u...')
#4 D:\laragon\www\PKSJ-2025-SQLi-Mitigation\code\system\CodeIgniter.php(933): App\Controllers\Login->auth()
#5 D:\laragon\www\PKSJ-2025-SQLi-Mitigation\code\system\CodeIgniter.php(507): CodeIgniter\CodeIgniter->runController(Object(App\Controllers\Login))
#6 D:\laragon\www\PKSJ-2025-SQLi-Mitigation\code\system\CodeIgniter.php(354): CodeIgniter\CodeIgniter->handleRequest(NULL, Object(Config\Cache), false)
#7 D:\laragon\www\PKSJ-2025-SQLi-Mitigation\code\system\Boot.php(363): CodeIgniter\CodeIgniter->run()
#8 D:\laragon\www\PKSJ-2025-SQLi-Mitigation\code\system\Boot.php(68): CodeIgniter\Boot::runCodeIgniter(Object(CodeIgniter\CodeIgniter))
#9 D:\laragon\www\PKSJ-2025-SQLi-Mitigation\code\public\index.php(59): CodeIgniter\Boot::bootWeb(Object(Config\Paths))
#10 {main}
CRITICAL - 2025-12-11 18:54:29 --> CodeIgniter\Database\Exceptions\DatabaseException: You have an error in your SQL syntax; check the manual that corresponds to your MySQL server version for the right syntax to use near '1OR'1'='1'' AND password = ''' at line 1
[Method: POST, Route: login/auth]
in SYSTEMPATH\Database\BaseConnection.php on line 684.
 1 APPPATH\Controllers\Login.php(34): CodeIgniter\Database\BaseConnection->query('SELECT * FROM users WHERE username = \'admin\'1OR\'1\'=\'1\'\' AND password = \'\'')
 2 SYSTEMPATH\CodeIgniter.php(933): App\Controllers\Login->auth()
 3 SYSTEMPATH\CodeIgniter.php(507): CodeIgniter\CodeIgniter->runController(Object(App\Controllers\Login))
 4 SYSTEMPATH\CodeIgniter.php(354): CodeIgniter\CodeIgniter->handleRequest(null, Object(Config\Cache), false)
 5 SYSTEMPATH\Boot.php(363): CodeIgniter\CodeIgniter->run()
 6 SYSTEMPATH\Boot.php(68): CodeIgniter\Boot::runCodeIgniter(Object(CodeIgniter\CodeIgniter))
 7 FCPATH\index.php(59): CodeIgniter\Boot::bootWeb(Object(Config\Paths))
CRITICAL - 2025-12-11 18:54:29 --> [Caused by] CodeIgniter\Database\Exceptions\DatabaseException: You have an error in your SQL syntax; check the manual that corresponds to your MySQL server version for the right syntax to use near '1OR'1'='1'' AND password = ''' at line 1
in SYSTEMPATH\Database\MySQLi\Connection.php on line 332.
 1 SYSTEMPATH\Database\BaseConnection.php(729): CodeIgniter\Database\MySQLi\Connection->execute('SELECT * FROM users WHERE username = \'admin\'1OR\'1\'=\'1\'\' AND password = \'\'')
 2 SYSTEMPATH\Database\BaseConnection.php(646): CodeIgniter\Database\BaseConnection->simpleQuery('SELECT * FROM users WHERE username = \'admin\'1OR\'1\'=\'1\'\' AND password = \'\'')
 3 APPPATH\Controllers\Login.php(34): CodeIgniter\Database\BaseConnection->query('SELECT * FROM users WHERE username = \'admin\'1OR\'1\'=\'1\'\' AND password = \'\'')
 4 SYSTEMPATH\CodeIgniter.php(933): App\Controllers\Login->auth()
 5 SYSTEMPATH\CodeIgniter.php(507): CodeIgniter\CodeIgniter->runController(Object(App\Controllers\Login))
 6 SYSTEMPATH\CodeIgniter.php(354): CodeIgniter\CodeIgniter->handleRequest(null, Object(Config\Cache), false)
 7 SYSTEMPATH\Boot.php(363): CodeIgniter\CodeIgniter->run()
 8 SYSTEMPATH\Boot.php(68): CodeIgniter\Boot::runCodeIgniter(Object(CodeIgniter\CodeIgniter))
 9 FCPATH\index.php(59): CodeIgniter\Boot::bootWeb(Object(Config\Paths))
CRITICAL - 2025-12-11 18:54:29 --> [Caused by] mysqli_sql_exception: You have an error in your SQL syntax; check the manual that corresponds to your MySQL server version for the right syntax to use near '1OR'1'='1'' AND password = ''' at line 1
in SYSTEMPATH\Database\MySQLi\Connection.php on line 327.
 1 SYSTEMPATH\Database\MySQLi\Connection.php(327): mysqli->query('SELECT * FROM users WHERE username = \'admin\'1OR\'1\'=\'1\'\' AND password = \'\'', 0)
 2 SYSTEMPATH\Database\BaseConnection.php(729): CodeIgniter\Database\MySQLi\Connection->execute('SELECT * FROM users WHERE username = \'admin\'1OR\'1\'=\'1\'\' AND password = \'\'')
 3 SYSTEMPATH\Database\BaseConnection.php(646): CodeIgniter\Database\BaseConnection->simpleQuery('SELECT * FROM users WHERE username = \'admin\'1OR\'1\'=\'1\'\' AND password = \'\'')
 4 APPPATH\Controllers\Login.php(34): CodeIgniter\Database\BaseConnection->query('SELECT * FROM users WHERE username = \'admin\'1OR\'1\'=\'1\'\' AND password = \'\'')
 5 SYSTEMPATH\CodeIgniter.php(933): App\Controllers\Login->auth()
 6 SYSTEMPATH\CodeIgniter.php(507): CodeIgniter\CodeIgniter->runController(Object(App\Controllers\Login))
 7 SYSTEMPATH\CodeIgniter.php(354): CodeIgniter\CodeIgniter->handleRequest(null, Object(Config\Cache), false)
 8 SYSTEMPATH\Boot.php(363): CodeIgniter\CodeIgniter->run()
 9 SYSTEMPATH\Boot.php(68): CodeIgniter\Boot::runCodeIgniter(Object(CodeIgniter\CodeIgniter))
10 FCPATH\index.php(59): CodeIgniter\Boot::bootWeb(Object(Config\Paths))
DEBUG - 2025-12-11 18:55:22 --> Session: Class initialized using 'CodeIgniter\Session\Handlers\FileHandler' driver.
ERROR - 2025-12-11 18:55:22 --> mysqli_sql_exception: You have an error in your SQL syntax; check the manual that corresponds to your MySQL server version for the right syntax to use near ''1'' AND password = ''' at line 1 in D:\laragon\www\PKSJ-2025-SQLi-Mitigation\code\system\Database\MySQLi\Connection.php:327
Stack trace:
#0 D:\laragon\www\PKSJ-2025-SQLi-Mitigation\code\system\Database\MySQLi\Connection.php(327): mysqli->query('SELECT * FROM u...', 0)
#1 D:\laragon\www\PKSJ-2025-SQLi-Mitigation\code\system\Database\BaseConnection.php(729): CodeIgniter\Database\MySQLi\Connection->execute('SELECT * FROM u...')
#2 D:\laragon\www\PKSJ-2025-SQLi-Mitigation\code\system\Database\BaseConnection.php(646): CodeIgniter\Database\BaseConnection->simpleQuery('SELECT * FROM u...')
#3 D:\laragon\www\PKSJ-2025-SQLi-Mitigation\code\app\Controllers\Login.php(34): CodeIgniter\Database\BaseConnection->query('SELECT * FROM u...')
#4 D:\laragon\www\PKSJ-2025-SQLi-Mitigation\code\system\CodeIgniter.php(933): App\Controllers\Login->auth()
#5 D:\laragon\www\PKSJ-2025-SQLi-Mitigation\code\system\CodeIgniter.php(507): CodeIgniter\CodeIgniter->runController(Object(App\Controllers\Login))
#6 D:\laragon\www\PKSJ-2025-SQLi-Mitigation\code\system\CodeIgniter.php(354): CodeIgniter\CodeIgniter->handleRequest(NULL, Object(Config\Cache), false)
#7 D:\laragon\www\PKSJ-2025-SQLi-Mitigation\code\system\Boot.php(363): CodeIgniter\CodeIgniter->run()
#8 D:\laragon\www\PKSJ-2025-SQLi-Mitigation\code\system\Boot.php(68): CodeIgniter\Boot::runCodeIgniter(Object(CodeIgniter\CodeIgniter))
#9 D:\laragon\www\PKSJ-2025-SQLi-Mitigation\code\public\index.php(59): CodeIgniter\Boot::bootWeb(Object(Config\Paths))
#10 {main}
CRITICAL - 2025-12-11 18:55:22 --> CodeIgniter\Database\Exceptions\DatabaseException: You have an error in your SQL syntax; check the manual that corresponds to your MySQL server version for the right syntax to use near ''1'' AND password = ''' at line 1
[Method: POST, Route: login/auth]
in SYSTEMPATH\Database\BaseConnection.php on line 684.
 1 APPPATH\Controllers\Login.php(34): CodeIgniter\Database\BaseConnection->query('SELECT * FROM users WHERE username = \'\'OR\'1\'=\'1\'\' AND password = \'\'')
 2 SYSTEMPATH\CodeIgniter.php(933): App\Controllers\Login->auth()
 3 SYSTEMPATH\CodeIgniter.php(507): CodeIgniter\CodeIgniter->runController(Object(App\Controllers\Login))
 4 SYSTEMPATH\CodeIgniter.php(354): CodeIgniter\CodeIgniter->handleRequest(null, Object(Config\Cache), false)
 5 SYSTEMPATH\Boot.php(363): CodeIgniter\CodeIgniter->run()
 6 SYSTEMPATH\Boot.php(68): CodeIgniter\Boot::runCodeIgniter(Object(CodeIgniter\CodeIgniter))
 7 FCPATH\index.php(59): CodeIgniter\Boot::bootWeb(Object(Config\Paths))
CRITICAL - 2025-12-11 18:55:22 --> [Caused by] CodeIgniter\Database\Exceptions\DatabaseException: You have an error in your SQL syntax; check the manual that corresponds to your MySQL server version for the right syntax to use near ''1'' AND password = ''' at line 1
in SYSTEMPATH\Database\MySQLi\Connection.php on line 332.
 1 SYSTEMPATH\Database\BaseConnection.php(729): CodeIgniter\Database\MySQLi\Connection->execute('SELECT * FROM users WHERE username = \'\'OR\'1\'=\'1\'\' AND password = \'\'')
 2 SYSTEMPATH\Database\BaseConnection.php(646): CodeIgniter\Database\BaseConnection->simpleQuery('SELECT * FROM users WHERE username = \'\'OR\'1\'=\'1\'\' AND password = \'\'')
 3 APPPATH\Controllers\Login.php(34): CodeIgniter\Database\BaseConnection->query('SELECT * FROM users WHERE username = \'\'OR\'1\'=\'1\'\' AND password = \'\'')
 4 SYSTEMPATH\CodeIgniter.php(933): App\Controllers\Login->auth()
 5 SYSTEMPATH\CodeIgniter.php(507): CodeIgniter\CodeIgniter->runController(Object(App\Controllers\Login))
 6 SYSTEMPATH\CodeIgniter.php(354): CodeIgniter\CodeIgniter->handleRequest(null, Object(Config\Cache), false)
 7 SYSTEMPATH\Boot.php(363): CodeIgniter\CodeIgniter->run()
 8 SYSTEMPATH\Boot.php(68): CodeIgniter\Boot::runCodeIgniter(Object(CodeIgniter\CodeIgniter))
 9 FCPATH\index.php(59): CodeIgniter\Boot::bootWeb(Object(Config\Paths))
CRITICAL - 2025-12-11 18:55:22 --> [Caused by] mysqli_sql_exception: You have an error in your SQL syntax; check the manual that corresponds to your MySQL server version for the right syntax to use near ''1'' AND password = ''' at line 1
in SYSTEMPATH\Database\MySQLi\Connection.php on line 327.
 1 SYSTEMPATH\Database\MySQLi\Connection.php(327): mysqli->query('SELECT * FROM users WHERE username = \'\'OR\'1\'=\'1\'\' AND password = \'\'', 0)
 2 SYSTEMPATH\Database\BaseConnection.php(729): CodeIgniter\Database\MySQLi\Connection->execute('SELECT * FROM users WHERE username = \'\'OR\'1\'=\'1\'\' AND password = \'\'')
 3 SYSTEMPATH\Database\BaseConnection.php(646): CodeIgniter\Database\BaseConnection->simpleQuery('SELECT * FROM users WHERE username = \'\'OR\'1\'=\'1\'\' AND password = \'\'')
 4 APPPATH\Controllers\Login.php(34): CodeIgniter\Database\BaseConnection->query('SELECT * FROM users WHERE username = \'\'OR\'1\'=\'1\'\' AND password = \'\'')
 5 SYSTEMPATH\CodeIgniter.php(933): App\Controllers\Login->auth()
 6 SYSTEMPATH\CodeIgniter.php(507): CodeIgniter\CodeIgniter->runController(Object(App\Controllers\Login))
 7 SYSTEMPATH\CodeIgniter.php(354): CodeIgniter\CodeIgniter->handleRequest(null, Object(Config\Cache), false)
 8 SYSTEMPATH\Boot.php(363): CodeIgniter\CodeIgniter->run()
 9 SYSTEMPATH\Boot.php(68): CodeIgniter\Boot::runCodeIgniter(Object(CodeIgniter\CodeIgniter))
10 FCPATH\index.php(59): CodeIgniter\Boot::bootWeb(Object(Config\Paths))
DEBUG - 2025-12-11 18:56:48 --> Session: Class initialized using 'CodeIgniter\Session\Handlers\FileHandler' driver.
ERROR - 2025-12-11 18:56:48 --> mysqli_sql_exception: You have an error in your SQL syntax; check the manual that corresponds to your MySQL server version for the right syntax to use near '' AND password = ''' at line 1 in D:\laragon\www\PKSJ-2025-SQLi-Mitigation\code\system\Database\MySQLi\Connection.php:327
Stack trace:
#0 D:\laragon\www\PKSJ-2025-SQLi-Mitigation\code\system\Database\MySQLi\Connection.php(327): mysqli->query('SELECT * FROM u...', 0)
#1 D:\laragon\www\PKSJ-2025-SQLi-Mitigation\code\system\Database\BaseConnection.php(729): CodeIgniter\Database\MySQLi\Connection->execute('SELECT * FROM u...')
#2 D:\laragon\www\PKSJ-2025-SQLi-Mitigation\code\system\Database\BaseConnection.php(646): CodeIgniter\Database\BaseConnection->simpleQuery('SELECT * FROM u...')
#3 D:\laragon\www\PKSJ-2025-SQLi-Mitigation\code\app\Controllers\Login.php(34): CodeIgniter\Database\BaseConnection->query('SELECT * FROM u...')
#4 D:\laragon\www\PKSJ-2025-SQLi-Mitigation\code\system\CodeIgniter.php(933): App\Controllers\Login->auth()
#5 D:\laragon\www\PKSJ-2025-SQLi-Mitigation\code\system\CodeIgniter.php(507): CodeIgniter\CodeIgniter->runController(Object(App\Controllers\Login))
#6 D:\laragon\www\PKSJ-2025-SQLi-Mitigation\code\system\CodeIgniter.php(354): CodeIgniter\CodeIgniter->handleRequest(NULL, Object(Config\Cache), false)
#7 D:\laragon\www\PKSJ-2025-SQLi-Mitigation\code\system\Boot.php(363): CodeIgniter\CodeIgniter->run()
#8 D:\laragon\www\PKSJ-2025-SQLi-Mitigation\code\system\Boot.php(68): CodeIgniter\Boot::runCodeIgniter(Object(CodeIgniter\CodeIgniter))
#9 D:\laragon\www\PKSJ-2025-SQLi-Mitigation\code\public\index.php(59): CodeIgniter\Boot::bootWeb(Object(Config\Paths))
#10 {main}
CRITICAL - 2025-12-11 18:56:48 --> CodeIgniter\Database\Exceptions\DatabaseException: You have an error in your SQL syntax; check the manual that corresponds to your MySQL server version for the right syntax to use near '' AND password = ''' at line 1
[Method: POST, Route: login/auth]
in SYSTEMPATH\Database\BaseConnection.php on line 684.
 1 APPPATH\Controllers\Login.php(34): CodeIgniter\Database\BaseConnection->query('SELECT * FROM users WHERE username = \'admin \'OR\'1\'=1\' AND password = \'\'')
 2 SYSTEMPATH\CodeIgniter.php(933): App\Controllers\Login->auth()
 3 SYSTEMPATH\CodeIgniter.php(507): CodeIgniter\CodeIgniter->runController(Object(App\Controllers\Login))
 4 SYSTEMPATH\CodeIgniter.php(354): CodeIgniter\CodeIgniter->handleRequest(null, Object(Config\Cache), false)
 5 SYSTEMPATH\Boot.php(363): CodeIgniter\CodeIgniter->run()
 6 SYSTEMPATH\Boot.php(68): CodeIgniter\Boot::runCodeIgniter(Object(CodeIgniter\CodeIgniter))
 7 FCPATH\index.php(59): CodeIgniter\Boot::bootWeb(Object(Config\Paths))
CRITICAL - 2025-12-11 18:56:48 --> [Caused by] CodeIgniter\Database\Exceptions\DatabaseException: You have an error in your SQL syntax; check the manual that corresponds to your MySQL server version for the right syntax to use near '' AND password = ''' at line 1
in SYSTEMPATH\Database\MySQLi\Connection.php on line 332.
 1 SYSTEMPATH\Database\BaseConnection.php(729): CodeIgniter\Database\MySQLi\Connection->execute('SELECT * FROM users WHERE username = \'admin \'OR\'1\'=1\' AND password = \'\'')
 2 SYSTEMPATH\Database\BaseConnection.php(646): CodeIgniter\Database\BaseConnection->simpleQuery('SELECT * FROM users WHERE username = \'admin \'OR\'1\'=1\' AND password = \'\'')
 3 APPPATH\Controllers\Login.php(34): CodeIgniter\Database\BaseConnection->query('SELECT * FROM users WHERE username = \'admin \'OR\'1\'=1\' AND password = \'\'')
 4 SYSTEMPATH\CodeIgniter.php(933): App\Controllers\Login->auth()
 5 SYSTEMPATH\CodeIgniter.php(507): CodeIgniter\CodeIgniter->runController(Object(App\Controllers\Login))
 6 SYSTEMPATH\CodeIgniter.php(354): CodeIgniter\CodeIgniter->handleRequest(null, Object(Config\Cache), false)
 7 SYSTEMPATH\Boot.php(363): CodeIgniter\CodeIgniter->run()
 8 SYSTEMPATH\Boot.php(68): CodeIgniter\Boot::runCodeIgniter(Object(CodeIgniter\CodeIgniter))
 9 FCPATH\index.php(59): CodeIgniter\Boot::bootWeb(Object(Config\Paths))
CRITICAL - 2025-12-11 18:56:48 --> [Caused by] mysqli_sql_exception: You have an error in your SQL syntax; check the manual that corresponds to your MySQL server version for the right syntax to use near '' AND password = ''' at line 1
in SYSTEMPATH\Database\MySQLi\Connection.php on line 327.
 1 SYSTEMPATH\Database\MySQLi\Connection.php(327): mysqli->query('SELECT * FROM users WHERE username = \'admin \'OR\'1\'=1\' AND password = \'\'', 0)
 2 SYSTEMPATH\Database\BaseConnection.php(729): CodeIgniter\Database\MySQLi\Connection->execute('SELECT * FROM users WHERE username = \'admin \'OR\'1\'=1\' AND password = \'\'')
 3 SYSTEMPATH\Database\BaseConnection.php(646): CodeIgniter\Database\BaseConnection->simpleQuery('SELECT * FROM users WHERE username = \'admin \'OR\'1\'=1\' AND password = \'\'')
 4 APPPATH\Controllers\Login.php(34): CodeIgniter\Database\BaseConnection->query('SELECT * FROM users WHERE username = \'admin \'OR\'1\'=1\' AND password = \'\'')
 5 SYSTEMPATH\CodeIgniter.php(933): App\Controllers\Login->auth()
 6 SYSTEMPATH\CodeIgniter.php(507): CodeIgniter\CodeIgniter->runController(Object(App\Controllers\Login))
 7 SYSTEMPATH\CodeIgniter.php(354): CodeIgniter\CodeIgniter->handleRequest(null, Object(Config\Cache), false)
 8 SYSTEMPATH\Boot.php(363): CodeIgniter\CodeIgniter->run()
 9 SYSTEMPATH\Boot.php(68): CodeIgniter\Boot::runCodeIgniter(Object(CodeIgniter\CodeIgniter))
10 FCPATH\index.php(59): CodeIgniter\Boot::bootWeb(Object(Config\Paths))
DEBUG - 2025-12-11 18:56:51 --> Session: Class initialized using 'CodeIgniter\Session\Handlers\FileHandler' driver.
DEBUG - 2025-12-11 18:57:08 --> Session: Class initialized using 'CodeIgniter\Session\Handlers\FileHandler' driver.
ERROR - 2025-12-11 18:57:08 --> mysqli_sql_exception: You have an error in your SQL syntax; check the manual that corresponds to your MySQL server version for the right syntax to use near '1'OR='1' AND password = ''' at line 1 in D:\laragon\www\PKSJ-2025-SQLi-Mitigation\code\system\Database\MySQLi\Connection.php:327
Stack trace:
#0 D:\laragon\www\PKSJ-2025-SQLi-Mitigation\code\system\Database\MySQLi\Connection.php(327): mysqli->query('SELECT * FROM u...', 0)
#1 D:\laragon\www\PKSJ-2025-SQLi-Mitigation\code\system\Database\BaseConnection.php(729): CodeIgniter\Database\MySQLi\Connection->execute('SELECT * FROM u...')
#2 D:\laragon\www\PKSJ-2025-SQLi-Mitigation\code\system\Database\BaseConnection.php(646): CodeIgniter\Database\BaseConnection->simpleQuery('SELECT * FROM u...')
#3 D:\laragon\www\PKSJ-2025-SQLi-Mitigation\code\app\Controllers\Login.php(34): CodeIgniter\Database\BaseConnection->query('SELECT * FROM u...')
#4 D:\laragon\www\PKSJ-2025-SQLi-Mitigation\code\system\CodeIgniter.php(933): App\Controllers\Login->auth()
#5 D:\laragon\www\PKSJ-2025-SQLi-Mitigation\code\system\CodeIgniter.php(507): CodeIgniter\CodeIgniter->runController(Object(App\Controllers\Login))
#6 D:\laragon\www\PKSJ-2025-SQLi-Mitigation\code\system\CodeIgniter.php(354): CodeIgniter\CodeIgniter->handleRequest(NULL, Object(Config\Cache), false)
#7 D:\laragon\www\PKSJ-2025-SQLi-Mitigation\code\system\Boot.php(363): CodeIgniter\CodeIgniter->run()
#8 D:\laragon\www\PKSJ-2025-SQLi-Mitigation\code\system\Boot.php(68): CodeIgniter\Boot::runCodeIgniter(Object(CodeIgniter\CodeIgniter))
#9 D:\laragon\www\PKSJ-2025-SQLi-Mitigation\code\public\index.php(59): CodeIgniter\Boot::bootWeb(Object(Config\Paths))
#10 {main}
CRITICAL - 2025-12-11 18:57:08 --> CodeIgniter\Database\Exceptions\DatabaseException: You have an error in your SQL syntax; check the manual that corresponds to your MySQL server version for the right syntax to use near '1'OR='1' AND password = ''' at line 1
[Method: POST, Route: login/auth]
in SYSTEMPATH\Database\BaseConnection.php on line 684.
 1 APPPATH\Controllers\Login.php(34): CodeIgniter\Database\BaseConnection->query('SELECT * FROM users WHERE username = \'admin\'1\'OR=\'1\' AND password = \'\'')
 2 SYSTEMPATH\CodeIgniter.php(933): App\Controllers\Login->auth()
 3 SYSTEMPATH\CodeIgniter.php(507): CodeIgniter\CodeIgniter->runController(Object(App\Controllers\Login))
 4 SYSTEMPATH\CodeIgniter.php(354): CodeIgniter\CodeIgniter->handleRequest(null, Object(Config\Cache), false)
 5 SYSTEMPATH\Boot.php(363): CodeIgniter\CodeIgniter->run()
 6 SYSTEMPATH\Boot.php(68): CodeIgniter\Boot::runCodeIgniter(Object(CodeIgniter\CodeIgniter))
 7 FCPATH\index.php(59): CodeIgniter\Boot::bootWeb(Object(Config\Paths))
CRITICAL - 2025-12-11 18:57:08 --> [Caused by] CodeIgniter\Database\Exceptions\DatabaseException: You have an error in your SQL syntax; check the manual that corresponds to your MySQL server version for the right syntax to use near '1'OR='1' AND password = ''' at line 1
in SYSTEMPATH\Database\MySQLi\Connection.php on line 332.
 1 SYSTEMPATH\Database\BaseConnection.php(729): CodeIgniter\Database\MySQLi\Connection->execute('SELECT * FROM users WHERE username = \'admin\'1\'OR=\'1\' AND password = \'\'')
 2 SYSTEMPATH\Database\BaseConnection.php(646): CodeIgniter\Database\BaseConnection->simpleQuery('SELECT * FROM users WHERE username = \'admin\'1\'OR=\'1\' AND password = \'\'')
 3 APPPATH\Controllers\Login.php(34): CodeIgniter\Database\BaseConnection->query('SELECT * FROM users WHERE username = \'admin\'1\'OR=\'1\' AND password = \'\'')
 4 SYSTEMPATH\CodeIgniter.php(933): App\Controllers\Login->auth()
 5 SYSTEMPATH\CodeIgniter.php(507): CodeIgniter\CodeIgniter->runController(Object(App\Controllers\Login))
 6 SYSTEMPATH\CodeIgniter.php(354): CodeIgniter\CodeIgniter->handleRequest(null, Object(Config\Cache), false)
 7 SYSTEMPATH\Boot.php(363): CodeIgniter\CodeIgniter->run()
 8 SYSTEMPATH\Boot.php(68): CodeIgniter\Boot::runCodeIgniter(Object(CodeIgniter\CodeIgniter))
 9 FCPATH\index.php(59): CodeIgniter\Boot::bootWeb(Object(Config\Paths))
CRITICAL - 2025-12-11 18:57:08 --> [Caused by] mysqli_sql_exception: You have an error in your SQL syntax; check the manual that corresponds to your MySQL server version for the right syntax to use near '1'OR='1' AND password = ''' at line 1
in SYSTEMPATH\Database\MySQLi\Connection.php on line 327.
 1 SYSTEMPATH\Database\MySQLi\Connection.php(327): mysqli->query('SELECT * FROM users WHERE username = \'admin\'1\'OR=\'1\' AND password = \'\'', 0)
 2 SYSTEMPATH\Database\BaseConnection.php(729): CodeIgniter\Database\MySQLi\Connection->execute('SELECT * FROM users WHERE username = \'admin\'1\'OR=\'1\' AND password = \'\'')
 3 SYSTEMPATH\Database\BaseConnection.php(646): CodeIgniter\Database\BaseConnection->simpleQuery('SELECT * FROM users WHERE username = \'admin\'1\'OR=\'1\' AND password = \'\'')
 4 APPPATH\Controllers\Login.php(34): CodeIgniter\Database\BaseConnection->query('SELECT * FROM users WHERE username = \'admin\'1\'OR=\'1\' AND password = \'\'')
 5 SYSTEMPATH\CodeIgniter.php(933): App\Controllers\Login->auth()
 6 SYSTEMPATH\CodeIgniter.php(507): CodeIgniter\CodeIgniter->runController(Object(App\Controllers\Login))
 7 SYSTEMPATH\CodeIgniter.php(354): CodeIgniter\CodeIgniter->handleRequest(null, Object(Config\Cache), false)
 8 SYSTEMPATH\Boot.php(363): CodeIgniter\CodeIgniter->run()
 9 SYSTEMPATH\Boot.php(68): CodeIgniter\Boot::runCodeIgniter(Object(CodeIgniter\CodeIgniter))
10 FCPATH\index.php(59): CodeIgniter\Boot::bootWeb(Object(Config\Paths))
DEBUG - 2025-12-11 18:57:13 --> Session: Class initialized using 'CodeIgniter\Session\Handlers\FileHandler' driver.
ERROR - 2025-12-11 18:57:13 --> mysqli_sql_exception: You have an error in your SQL syntax; check the manual that corresponds to your MySQL server version for the right syntax to use near '1'OR='1'' AND password = ''' at line 1 in D:\laragon\www\PKSJ-2025-SQLi-Mitigation\code\system\Database\MySQLi\Connection.php:327
Stack trace:
#0 D:\laragon\www\PKSJ-2025-SQLi-Mitigation\code\system\Database\MySQLi\Connection.php(327): mysqli->query('SELECT * FROM u...', 0)
#1 D:\laragon\www\PKSJ-2025-SQLi-Mitigation\code\system\Database\BaseConnection.php(729): CodeIgniter\Database\MySQLi\Connection->execute('SELECT * FROM u...')
#2 D:\laragon\www\PKSJ-2025-SQLi-Mitigation\code\system\Database\BaseConnection.php(646): CodeIgniter\Database\BaseConnection->simpleQuery('SELECT * FROM u...')
#3 D:\laragon\www\PKSJ-2025-SQLi-Mitigation\code\app\Controllers\Login.php(34): CodeIgniter\Database\BaseConnection->query('SELECT * FROM u...')
#4 D:\laragon\www\PKSJ-2025-SQLi-Mitigation\code\system\CodeIgniter.php(933): App\Controllers\Login->auth()
#5 D:\laragon\www\PKSJ-2025-SQLi-Mitigation\code\system\CodeIgniter.php(507): CodeIgniter\CodeIgniter->runController(Object(App\Controllers\Login))
#6 D:\laragon\www\PKSJ-2025-SQLi-Mitigation\code\system\CodeIgniter.php(354): CodeIgniter\CodeIgniter->handleRequest(NULL, Object(Config\Cache), false)
#7 D:\laragon\www\PKSJ-2025-SQLi-Mitigation\code\system\Boot.php(363): CodeIgniter\CodeIgniter->run()
#8 D:\laragon\www\PKSJ-2025-SQLi-Mitigation\code\system\Boot.php(68): CodeIgniter\Boot::runCodeIgniter(Object(CodeIgniter\CodeIgniter))
#9 D:\laragon\www\PKSJ-2025-SQLi-Mitigation\code\public\index.php(59): CodeIgniter\Boot::bootWeb(Object(Config\Paths))
#10 {main}
CRITICAL - 2025-12-11 18:57:13 --> CodeIgniter\Database\Exceptions\DatabaseException: You have an error in your SQL syntax; check the manual that corresponds to your MySQL server version for the right syntax to use near '1'OR='1'' AND password = ''' at line 1
[Method: POST, Route: login/auth]
in SYSTEMPATH\Database\BaseConnection.php on line 684.
 1 APPPATH\Controllers\Login.php(34): CodeIgniter\Database\BaseConnection->query('SELECT * FROM users WHERE username = \'admin\'1\'OR=\'1\'\' AND password = \'\'')
 2 SYSTEMPATH\CodeIgniter.php(933): App\Controllers\Login->auth()
 3 SYSTEMPATH\CodeIgniter.php(507): CodeIgniter\CodeIgniter->runController(Object(App\Controllers\Login))
 4 SYSTEMPATH\CodeIgniter.php(354): CodeIgniter\CodeIgniter->handleRequest(null, Object(Config\Cache), false)
 5 SYSTEMPATH\Boot.php(363): CodeIgniter\CodeIgniter->run()
 6 SYSTEMPATH\Boot.php(68): CodeIgniter\Boot::runCodeIgniter(Object(CodeIgniter\CodeIgniter))
 7 FCPATH\index.php(59): CodeIgniter\Boot::bootWeb(Object(Config\Paths))
CRITICAL - 2025-12-11 18:57:13 --> [Caused by] CodeIgniter\Database\Exceptions\DatabaseException: You have an error in your SQL syntax; check the manual that corresponds to your MySQL server version for the right syntax to use near '1'OR='1'' AND password = ''' at line 1
in SYSTEMPATH\Database\MySQLi\Connection.php on line 332.
 1 SYSTEMPATH\Database\BaseConnection.php(729): CodeIgniter\Database\MySQLi\Connection->execute('SELECT * FROM users WHERE username = \'admin\'1\'OR=\'1\'\' AND password = \'\'')
 2 SYSTEMPATH\Database\BaseConnection.php(646): CodeIgniter\Database\BaseConnection->simpleQuery('SELECT * FROM users WHERE username = \'admin\'1\'OR=\'1\'\' AND password = \'\'')
 3 APPPATH\Controllers\Login.php(34): CodeIgniter\Database\BaseConnection->query('SELECT * FROM users WHERE username = \'admin\'1\'OR=\'1\'\' AND password = \'\'')
 4 SYSTEMPATH\CodeIgniter.php(933): App\Controllers\Login->auth()
 5 SYSTEMPATH\CodeIgniter.php(507): CodeIgniter\CodeIgniter->runController(Object(App\Controllers\Login))
 6 SYSTEMPATH\CodeIgniter.php(354): CodeIgniter\CodeIgniter->handleRequest(null, Object(Config\Cache), false)
 7 SYSTEMPATH\Boot.php(363): CodeIgniter\CodeIgniter->run()
 8 SYSTEMPATH\Boot.php(68): CodeIgniter\Boot::runCodeIgniter(Object(CodeIgniter\CodeIgniter))
 9 FCPATH\index.php(59): CodeIgniter\Boot::bootWeb(Object(Config\Paths))
CRITICAL - 2025-12-11 18:57:13 --> [Caused by] mysqli_sql_exception: You have an error in your SQL syntax; check the manual that corresponds to your MySQL server version for the right syntax to use near '1'OR='1'' AND password = ''' at line 1
in SYSTEMPATH\Database\MySQLi\Connection.php on line 327.
 1 SYSTEMPATH\Database\MySQLi\Connection.php(327): mysqli->query('SELECT * FROM users WHERE username = \'admin\'1\'OR=\'1\'\' AND password = \'\'', 0)
 2 SYSTEMPATH\Database\BaseConnection.php(729): CodeIgniter\Database\MySQLi\Connection->execute('SELECT * FROM users WHERE username = \'admin\'1\'OR=\'1\'\' AND password = \'\'')
 3 SYSTEMPATH\Database\BaseConnection.php(646): CodeIgniter\Database\BaseConnection->simpleQuery('SELECT * FROM users WHERE username = \'admin\'1\'OR=\'1\'\' AND password = \'\'')
 4 APPPATH\Controllers\Login.php(34): CodeIgniter\Database\BaseConnection->query('SELECT * FROM users WHERE username = \'admin\'1\'OR=\'1\'\' AND password = \'\'')
 5 SYSTEMPATH\CodeIgniter.php(933): App\Controllers\Login->auth()
 6 SYSTEMPATH\CodeIgniter.php(507): CodeIgniter\CodeIgniter->runController(Object(App\Controllers\Login))
 7 SYSTEMPATH\CodeIgniter.php(354): CodeIgniter\CodeIgniter->handleRequest(null, Object(Config\Cache), false)
 8 SYSTEMPATH\Boot.php(363): CodeIgniter\CodeIgniter->run()
 9 SYSTEMPATH\Boot.php(68): CodeIgniter\Boot::runCodeIgniter(Object(CodeIgniter\CodeIgniter))
10 FCPATH\index.php(59): CodeIgniter\Boot::bootWeb(Object(Config\Paths))
DEBUG - 2025-12-11 18:57:40 --> Session: Class initialized using 'CodeIgniter\Session\Handlers\FileHandler' driver.
DEBUG - 2025-12-11 18:57:47 --> Session: Class initialized using 'CodeIgniter\Session\Handlers\FileHandler' driver.
DEBUG - 2025-12-11 18:57:52 --> Session: Class initialized using 'CodeIgniter\Session\Handlers\FileHandler' driver.
DEBUG - 2025-12-11 18:57:52 --> Session: Class initialized using 'CodeIgniter\Session\Handlers\FileHandler' driver.
DEBUG - 2025-12-11 18:57:58 --> Session: Class initialized using 'CodeIgniter\Session\Handlers\FileHandler' driver.
DEBUG - 2025-12-11 18:57:59 --> Session: Class initialized using 'CodeIgniter\Session\Handlers\FileHandler' driver.
DEBUG - 2025-12-11 18:58:01 --> Session: Class initialized using 'CodeIgniter\Session\Handlers\FileHandler' driver.
DEBUG - 2025-12-11 18:58:07 --> Session: Class initialized using 'CodeIgniter\Session\Handlers\FileHandler' driver.
DEBUG - 2025-12-11 18:58:08 --> Session: Class initialized using 'CodeIgniter\Session\Handlers\FileHandler' driver.
DEBUG - 2025-12-11 19:02:46 --> Session: Class initialized using 'CodeIgniter\Session\Handlers\FileHandler' driver.
DEBUG - 2025-12-11 19:02:46 --> Session: Class initialized using 'CodeIgniter\Session\Handlers\FileHandler' driver.
DEBUG - 2025-12-11 19:02:49 --> Session: Class initialized using 'CodeIgniter\Session\Handlers\FileHandler' driver.
DEBUG - 2025-12-11 19:02:49 --> Session: Class initialized using 'CodeIgniter\Session\Handlers\FileHandler' driver.
DEBUG - 2025-12-11 19:02:52 --> Session: Class initialized using 'CodeIgniter\Session\Handlers\FileHandler' driver.
DEBUG - 2025-12-11 19:02:52 --> Session: Class initialized using 'CodeIgniter\Session\Handlers\FileHandler' driver.
DEBUG - 2025-12-11 19:03:00 --> Session: Class initialized using 'CodeIgniter\Session\Handlers\FileHandler' driver.
DEBUG - 2025-12-11 19:03:01 --> Session: Class initialized using 'CodeIgniter\Session\Handlers\FileHandler' driver.
DEBUG - 2025-12-11 19:03:03 --> Session: Class initialized using 'CodeIgniter\Session\Handlers\FileHandler' driver.
DEBUG - 2025-12-11 19:03:04 --> Session: Class initialized using 'CodeIgniter\Session\Handlers\FileHandler' driver.
DEBUG - 2025-12-11 19:03:47 --> Session: Class initialized using 'CodeIgniter\Session\Handlers\FileHandler' driver.
DEBUG - 2025-12-11 19:03:48 --> Session: Class initialized using 'CodeIgniter\Session\Handlers\FileHandler' driver.
DEBUG - 2025-12-11 19:03:53 --> Session: Class initialized using 'CodeIgniter\Session\Handlers\FileHandler' driver.
DEBUG - 2025-12-11 19:03:53 --> Session: Class initialized using 'CodeIgniter\Session\Handlers\FileHandler' driver.
DEBUG - 2025-12-11 19:03:56 --> Session: Class initialized using 'CodeIgniter\Session\Handlers\FileHandler' driver.
DEBUG - 2025-12-11 19:04:00 --> Session: Class initialized using 'CodeIgniter\Session\Handlers\FileHandler' driver.
DEBUG - 2025-12-11 19:04:00 --> Session: Class initialized using 'CodeIgniter\Session\Handlers\FileHandler' driver.
DEBUG - 2025-12-11 19:04:09 --> Session: Class initialized using 'CodeIgniter\Session\Handlers\FileHandler' driver.
