DEBUG - 2025-12-04 16:52:54 --> Session: Class initialized using 'CodeIgniter\Session\Handlers\FileHandler' driver.
DEBUG - 2025-12-04 16:53:19 --> Session: Class initialized using 'CodeIgniter\Session\Handlers\FileHandler' driver.
DEBUG - 2025-12-04 16:53:37 --> Session: Class initialized using 'CodeIgniter\Session\Handlers\FileHandler' driver.
DEBUG - 2025-12-04 16:53:38 --> Session: Class initialized using 'CodeIgniter\Session\Handlers\FileHandler' driver.
DEBUG - 2025-12-04 16:54:10 --> Session: Class initialized using 'CodeIgniter\Session\Handlers\FileHandler' driver.
DEBUG - 2025-12-04 16:54:10 --> Session: Class initialized using 'CodeIgniter\Session\Handlers\FileHandler' driver.
DEBUG - 2025-12-04 17:03:20 --> Session: Class initialized using 'CodeIgniter\Session\Handlers\FileHandler' driver.
DEBUG - 2025-12-04 17:03:28 --> Session: Class initialized using 'CodeIgniter\Session\Handlers\FileHandler' driver.
DEBUG - 2025-12-04 17:03:28 --> Session: Class initialized using 'CodeIgniter\Session\Handlers\FileHandler' driver.
DEBUG - 2025-12-04 17:03:32 --> Session: Class initialized using 'CodeIgniter\Session\Handlers\FileHandler' driver.
CRITICAL - 2025-12-04 17:03:32 --> Error: Class "App\Models\UserModel" not found
[Method: GET, Route: dashboard/profile]
in APPPATH\Controllers\Dashboard.php on line 51.
 1 SYSTEMPATH\CodeIgniter.php(933): App\Controllers\Dashboard->profile()
 2 SYSTEMPATH\CodeIgniter.php(507): CodeIgniter\CodeIgniter->runController(Object(App\Controllers\Dashboard))
 3 SYSTEMPATH\CodeIgniter.php(354): CodeIgniter\CodeIgniter->handleRequest(null, Object(Config\Cache), false)
 4 SYSTEMPATH\Boot.php(363): CodeIgniter\CodeIgniter->run()
 5 SYSTEMPATH\Boot.php(68): CodeIgniter\Boot::runCodeIgniter(Object(CodeIgniter\CodeIgniter))
 6 FCPATH\index.php(59): CodeIgniter\Boot::bootWeb(Object(Config\Paths))
DEBUG - 2025-12-04 17:08:15 --> Session: Class initialized using 'CodeIgniter\Session\Handlers\FileHandler' driver.
DEBUG - 2025-12-04 17:08:24 --> Session: Class initialized using 'CodeIgniter\Session\Handlers\FileHandler' driver.
DEBUG - 2025-12-04 17:09:46 --> Session: Class initialized using 'CodeIgniter\Session\Handlers\FileHandler' driver.
DEBUG - 2025-12-04 17:09:47 --> Session: Class initialized using 'CodeIgniter\Session\Handlers\FileHandler' driver.
DEBUG - 2025-12-04 17:09:58 --> Session: Class initialized using 'CodeIgniter\Session\Handlers\FileHandler' driver.
DEBUG - 2025-12-04 17:09:58 --> Session: Class initialized using 'CodeIgniter\Session\Handlers\FileHandler' driver.
DEBUG - 2025-12-04 17:10:06 --> Session: Class initialized using 'CodeIgniter\Session\Handlers\FileHandler' driver.
DEBUG - 2025-12-04 17:10:06 --> Session: Class initialized using 'CodeIgniter\Session\Handlers\FileHandler' driver.
DEBUG - 2025-12-04 17:10:19 --> Session: Class initialized using 'CodeIgniter\Session\Handlers\FileHandler' driver.
DEBUG - 2025-12-04 17:10:19 --> Session: Class initialized using 'CodeIgniter\Session\Handlers\FileHandler' driver.
DEBUG - 2025-12-04 17:10:21 --> Session: Class initialized using 'CodeIgniter\Session\Handlers\FileHandler' driver.
DEBUG - 2025-12-04 17:11:36 --> Session: Class initialized using 'CodeIgniter\Session\Handlers\FileHandler' driver.
ERROR - 2025-12-04 17:11:36 --> mysqli_sql_exception: You have an error in your SQL syntax; check the manual that corresponds to your MySQL server version for the right syntax to use near '''' WHERE id = 2' at line 1 in C:\laragon\www\PKSJ-2025-SQLi-Mitigation\code\system\Database\MySQLi\Connection.php:327
Stack trace:
#0 C:\laragon\www\PKSJ-2025-SQLi-Mitigation\code\system\Database\MySQLi\Connection.php(327): mysqli->query('UPDATE users SE...', 0)
#1 C:\laragon\www\PKSJ-2025-SQLi-Mitigation\code\system\Database\BaseConnection.php(729): CodeIgniter\Database\MySQLi\Connection->execute('UPDATE users SE...')
#2 C:\laragon\www\PKSJ-2025-SQLi-Mitigation\code\system\Database\BaseConnection.php(646): CodeIgniter\Database\BaseConnection->simpleQuery('UPDATE users SE...')
#3 C:\laragon\www\PKSJ-2025-SQLi-Mitigation\code\app\Controllers\Dashboard.php(82): CodeIgniter\Database\BaseConnection->query('UPDATE users SE...')
#4 C:\laragon\www\PKSJ-2025-SQLi-Mitigation\code\system\CodeIgniter.php(933): App\Controllers\Dashboard->updateProfile()
#5 C:\laragon\www\PKSJ-2025-SQLi-Mitigation\code\system\CodeIgniter.php(507): CodeIgniter\CodeIgniter->runController(Object(App\Controllers\Dashboard))
#6 C:\laragon\www\PKSJ-2025-SQLi-Mitigation\code\system\CodeIgniter.php(354): CodeIgniter\CodeIgniter->handleRequest(NULL, Object(Config\Cache), false)
#7 C:\laragon\www\PKSJ-2025-SQLi-Mitigation\code\system\Boot.php(363): CodeIgniter\CodeIgniter->run()
#8 C:\laragon\www\PKSJ-2025-SQLi-Mitigation\code\system\Boot.php(68): CodeIgniter\Boot::runCodeIgniter(Object(CodeIgniter\CodeIgniter))
#9 C:\laragon\www\PKSJ-2025-SQLi-Mitigation\code\public\index.php(59): CodeIgniter\Boot::bootWeb(Object(Config\Paths))
#10 {main}
DEBUG - 2025-12-04 17:11:36 --> Session: Class initialized using 'CodeIgniter\Session\Handlers\FileHandler' driver.
DEBUG - 2025-12-04 17:13:05 --> Session: Class initialized using 'CodeIgniter\Session\Handlers\FileHandler' driver.
ERROR - 2025-12-04 17:13:05 --> mysqli_sql_exception: You have an error in your SQL syntax; check the manual that corresponds to your MySQL server version for the right syntax to use near '' WHERE id = 2' at line 1 in C:\laragon\www\PKSJ-2025-SQLi-Mitigation\code\system\Database\MySQLi\Connection.php:327
Stack trace:
#0 C:\laragon\www\PKSJ-2025-SQLi-Mitigation\code\system\Database\MySQLi\Connection.php(327): mysqli->query('UPDATE users SE...', 0)
#1 C:\laragon\www\PKSJ-2025-SQLi-Mitigation\code\system\Database\BaseConnection.php(729): CodeIgniter\Database\MySQLi\Connection->execute('UPDATE users SE...')
#2 C:\laragon\www\PKSJ-2025-SQLi-Mitigation\code\system\Database\BaseConnection.php(646): CodeIgniter\Database\BaseConnection->simpleQuery('UPDATE users SE...')
#3 C:\laragon\www\PKSJ-2025-SQLi-Mitigation\code\app\Controllers\Dashboard.php(82): CodeIgniter\Database\BaseConnection->query('UPDATE users SE...')
#4 C:\laragon\www\PKSJ-2025-SQLi-Mitigation\code\system\CodeIgniter.php(933): App\Controllers\Dashboard->updateProfile()
#5 C:\laragon\www\PKSJ-2025-SQLi-Mitigation\code\system\CodeIgniter.php(507): CodeIgniter\CodeIgniter->runController(Object(App\Controllers\Dashboard))
#6 C:\laragon\www\PKSJ-2025-SQLi-Mitigation\code\system\CodeIgniter.php(354): CodeIgniter\CodeIgniter->handleRequest(NULL, Object(Config\Cache), false)
#7 C:\laragon\www\PKSJ-2025-SQLi-Mitigation\code\system\Boot.php(363): CodeIgniter\CodeIgniter->run()
#8 C:\laragon\www\PKSJ-2025-SQLi-Mitigation\code\system\Boot.php(68): CodeIgniter\Boot::runCodeIgniter(Object(CodeIgniter\CodeIgniter))
#9 C:\laragon\www\PKSJ-2025-SQLi-Mitigation\code\public\index.php(59): CodeIgniter\Boot::bootWeb(Object(Config\Paths))
#10 {main}
DEBUG - 2025-12-04 17:13:05 --> Session: Class initialized using 'CodeIgniter\Session\Handlers\FileHandler' driver.
DEBUG - 2025-12-04 17:13:20 --> Session: Class initialized using 'CodeIgniter\Session\Handlers\FileHandler' driver.
ERROR - 2025-12-04 17:13:20 --> mysqli_sql_exception: You have an error in your SQL syntax; check the manual that corresponds to your MySQL server version for the right syntax to use near '' WHERE id = 2' at line 1 in C:\laragon\www\PKSJ-2025-SQLi-Mitigation\code\system\Database\MySQLi\Connection.php:327
Stack trace:
#0 C:\laragon\www\PKSJ-2025-SQLi-Mitigation\code\system\Database\MySQLi\Connection.php(327): mysqli->query('UPDATE users SE...', 0)
#1 C:\laragon\www\PKSJ-2025-SQLi-Mitigation\code\system\Database\BaseConnection.php(729): CodeIgniter\Database\MySQLi\Connection->execute('UPDATE users SE...')
#2 C:\laragon\www\PKSJ-2025-SQLi-Mitigation\code\system\Database\BaseConnection.php(646): CodeIgniter\Database\BaseConnection->simpleQuery('UPDATE users SE...')
#3 C:\laragon\www\PKSJ-2025-SQLi-Mitigation\code\app\Controllers\Dashboard.php(82): CodeIgniter\Database\BaseConnection->query('UPDATE users SE...')
#4 C:\laragon\www\PKSJ-2025-SQLi-Mitigation\code\system\CodeIgniter.php(933): App\Controllers\Dashboard->updateProfile()
#5 C:\laragon\www\PKSJ-2025-SQLi-Mitigation\code\system\CodeIgniter.php(507): CodeIgniter\CodeIgniter->runController(Object(App\Controllers\Dashboard))
#6 C:\laragon\www\PKSJ-2025-SQLi-Mitigation\code\system\CodeIgniter.php(354): CodeIgniter\CodeIgniter->handleRequest(NULL, Object(Config\Cache), false)
#7 C:\laragon\www\PKSJ-2025-SQLi-Mitigation\code\system\Boot.php(363): CodeIgniter\CodeIgniter->run()
#8 C:\laragon\www\PKSJ-2025-SQLi-Mitigation\code\system\Boot.php(68): CodeIgniter\Boot::runCodeIgniter(Object(CodeIgniter\CodeIgniter))
#9 C:\laragon\www\PKSJ-2025-SQLi-Mitigation\code\public\index.php(59): CodeIgniter\Boot::bootWeb(Object(Config\Paths))
#10 {main}
DEBUG - 2025-12-04 17:13:20 --> Session: Class initialized using 'CodeIgniter\Session\Handlers\FileHandler' driver.
DEBUG - 2025-12-04 17:13:28 --> Session: Class initialized using 'CodeIgniter\Session\Handlers\FileHandler' driver.
DEBUG - 2025-12-04 17:13:30 --> Session: Class initialized using 'CodeIgniter\Session\Handlers\FileHandler' driver.
DEBUG - 2025-12-04 17:13:38 --> Session: Class initialized using 'CodeIgniter\Session\Handlers\FileHandler' driver.
ERROR - 2025-12-04 17:13:38 --> mysqli_sql_exception: You have an error in your SQL syntax; check the manual that corresponds to your MySQL server version for the right syntax to use near '' WHERE id = 2' at line 1 in C:\laragon\www\PKSJ-2025-SQLi-Mitigation\code\system\Database\MySQLi\Connection.php:327
Stack trace:
#0 C:\laragon\www\PKSJ-2025-SQLi-Mitigation\code\system\Database\MySQLi\Connection.php(327): mysqli->query('UPDATE users SE...', 0)
#1 C:\laragon\www\PKSJ-2025-SQLi-Mitigation\code\system\Database\BaseConnection.php(729): CodeIgniter\Database\MySQLi\Connection->execute('UPDATE users SE...')
#2 C:\laragon\www\PKSJ-2025-SQLi-Mitigation\code\system\Database\BaseConnection.php(646): CodeIgniter\Database\BaseConnection->simpleQuery('UPDATE users SE...')
#3 C:\laragon\www\PKSJ-2025-SQLi-Mitigation\code\app\Controllers\Dashboard.php(82): CodeIgniter\Database\BaseConnection->query('UPDATE users SE...')
#4 C:\laragon\www\PKSJ-2025-SQLi-Mitigation\code\system\CodeIgniter.php(933): App\Controllers\Dashboard->updateProfile()
#5 C:\laragon\www\PKSJ-2025-SQLi-Mitigation\code\system\CodeIgniter.php(507): CodeIgniter\CodeIgniter->runController(Object(App\Controllers\Dashboard))
#6 C:\laragon\www\PKSJ-2025-SQLi-Mitigation\code\system\CodeIgniter.php(354): CodeIgniter\CodeIgniter->handleRequest(NULL, Object(Config\Cache), false)
#7 C:\laragon\www\PKSJ-2025-SQLi-Mitigation\code\system\Boot.php(363): CodeIgniter\CodeIgniter->run()
#8 C:\laragon\www\PKSJ-2025-SQLi-Mitigation\code\system\Boot.php(68): CodeIgniter\Boot::runCodeIgniter(Object(CodeIgniter\CodeIgniter))
#9 C:\laragon\www\PKSJ-2025-SQLi-Mitigation\code\public\index.php(59): CodeIgniter\Boot::bootWeb(Object(Config\Paths))
#10 {main}
DEBUG - 2025-12-04 17:13:38 --> Session: Class initialized using 'CodeIgniter\Session\Handlers\FileHandler' driver.
DEBUG - 2025-12-04 17:13:42 --> Session: Class initialized using 'CodeIgniter\Session\Handlers\FileHandler' driver.
DEBUG - 2025-12-04 17:13:54 --> Session: Class initialized using 'CodeIgniter\Session\Handlers\FileHandler' driver.
DEBUG - 2025-12-04 17:13:56 --> Session: Class initialized using 'CodeIgniter\Session\Handlers\FileHandler' driver.
DEBUG - 2025-12-04 17:14:38 --> Session: Class initialized using 'CodeIgniter\Session\Handlers\FileHandler' driver.
ERROR - 2025-12-04 17:14:38 --> mysqli_sql_exception: You have an error in your SQL syntax; check the manual that corresponds to your MySQL server version for the right syntax to use near '' WHERE id = 2' at line 1 in C:\laragon\www\PKSJ-2025-SQLi-Mitigation\code\system\Database\MySQLi\Connection.php:327
Stack trace:
#0 C:\laragon\www\PKSJ-2025-SQLi-Mitigation\code\system\Database\MySQLi\Connection.php(327): mysqli->query('UPDATE users SE...', 0)
#1 C:\laragon\www\PKSJ-2025-SQLi-Mitigation\code\system\Database\BaseConnection.php(729): CodeIgniter\Database\MySQLi\Connection->execute('UPDATE users SE...')
#2 C:\laragon\www\PKSJ-2025-SQLi-Mitigation\code\system\Database\BaseConnection.php(646): CodeIgniter\Database\BaseConnection->simpleQuery('UPDATE users SE...')
#3 C:\laragon\www\PKSJ-2025-SQLi-Mitigation\code\app\Controllers\Dashboard.php(82): CodeIgniter\Database\BaseConnection->query('UPDATE users SE...')
#4 C:\laragon\www\PKSJ-2025-SQLi-Mitigation\code\system\CodeIgniter.php(933): App\Controllers\Dashboard->updateProfile()
#5 C:\laragon\www\PKSJ-2025-SQLi-Mitigation\code\system\CodeIgniter.php(507): CodeIgniter\CodeIgniter->runController(Object(App\Controllers\Dashboard))
#6 C:\laragon\www\PKSJ-2025-SQLi-Mitigation\code\system\CodeIgniter.php(354): CodeIgniter\CodeIgniter->handleRequest(NULL, Object(Config\Cache), false)
#7 C:\laragon\www\PKSJ-2025-SQLi-Mitigation\code\system\Boot.php(363): CodeIgniter\CodeIgniter->run()
#8 C:\laragon\www\PKSJ-2025-SQLi-Mitigation\code\system\Boot.php(68): CodeIgniter\Boot::runCodeIgniter(Object(CodeIgniter\CodeIgniter))
#9 C:\laragon\www\PKSJ-2025-SQLi-Mitigation\code\public\index.php(59): CodeIgniter\Boot::bootWeb(Object(Config\Paths))
#10 {main}
DEBUG - 2025-12-04 17:14:38 --> Session: Class initialized using 'CodeIgniter\Session\Handlers\FileHandler' driver.
DEBUG - 2025-12-04 17:15:28 --> Session: Class initialized using 'CodeIgniter\Session\Handlers\FileHandler' driver.
DEBUG - 2025-12-04 17:15:28 --> Session: Class initialized using 'CodeIgniter\Session\Handlers\FileHandler' driver.
DEBUG - 2025-12-04 17:17:43 --> Session: Class initialized using 'CodeIgniter\Session\Handlers\FileHandler' driver.
ERROR - 2025-12-04 17:17:43 --> mysqli_sql_exception: You have an error in your SQL syntax; check the manual that corresponds to your MySQL server version for the right syntax to use near 'mhs@glitch.ac.id' WHERE id = 2' at line 1 in C:\laragon\www\PKSJ-2025-SQLi-Mitigation\code\system\Database\MySQLi\Connection.php:327
Stack trace:
#0 C:\laragon\www\PKSJ-2025-SQLi-Mitigation\code\system\Database\MySQLi\Connection.php(327): mysqli->query('UPDATE users SE...', 0)
#1 C:\laragon\www\PKSJ-2025-SQLi-Mitigation\code\system\Database\BaseConnection.php(729): CodeIgniter\Database\MySQLi\Connection->execute('UPDATE users SE...')
#2 C:\laragon\www\PKSJ-2025-SQLi-Mitigation\code\system\Database\BaseConnection.php(646): CodeIgniter\Database\BaseConnection->simpleQuery('UPDATE users SE...')
#3 C:\laragon\www\PKSJ-2025-SQLi-Mitigation\code\app\Controllers\Dashboard.php(82): CodeIgniter\Database\BaseConnection->query('UPDATE users SE...')
#4 C:\laragon\www\PKSJ-2025-SQLi-Mitigation\code\system\CodeIgniter.php(933): App\Controllers\Dashboard->updateProfile()
#5 C:\laragon\www\PKSJ-2025-SQLi-Mitigation\code\system\CodeIgniter.php(507): CodeIgniter\CodeIgniter->runController(Object(App\Controllers\Dashboard))
#6 C:\laragon\www\PKSJ-2025-SQLi-Mitigation\code\system\CodeIgniter.php(354): CodeIgniter\CodeIgniter->handleRequest(NULL, Object(Config\Cache), false)
#7 C:\laragon\www\PKSJ-2025-SQLi-Mitigation\code\system\Boot.php(363): CodeIgniter\CodeIgniter->run()
#8 C:\laragon\www\PKSJ-2025-SQLi-Mitigation\code\system\Boot.php(68): CodeIgniter\Boot::runCodeIgniter(Object(CodeIgniter\CodeIgniter))
#9 C:\laragon\www\PKSJ-2025-SQLi-Mitigation\code\public\index.php(59): CodeIgniter\Boot::bootWeb(Object(Config\Paths))
#10 {main}
DEBUG - 2025-12-04 17:17:43 --> Session: Class initialized using 'CodeIgniter\Session\Handlers\FileHandler' driver.
DEBUG - 2025-12-04 17:18:32 --> Session: Class initialized using 'CodeIgniter\Session\Handlers\FileHandler' driver.
ERROR - 2025-12-04 17:18:32 --> mysqli_sql_exception: You have an error in your SQL syntax; check the manual that corresponds to your MySQL server version for the right syntax to use near '' WHERE id = 2' at line 1 in C:\laragon\www\PKSJ-2025-SQLi-Mitigation\code\system\Database\MySQLi\Connection.php:327
Stack trace:
#0 C:\laragon\www\PKSJ-2025-SQLi-Mitigation\code\system\Database\MySQLi\Connection.php(327): mysqli->query('UPDATE users SE...', 0)
#1 C:\laragon\www\PKSJ-2025-SQLi-Mitigation\code\system\Database\BaseConnection.php(729): CodeIgniter\Database\MySQLi\Connection->execute('UPDATE users SE...')
#2 C:\laragon\www\PKSJ-2025-SQLi-Mitigation\code\system\Database\BaseConnection.php(646): CodeIgniter\Database\BaseConnection->simpleQuery('UPDATE users SE...')
#3 C:\laragon\www\PKSJ-2025-SQLi-Mitigation\code\app\Controllers\Dashboard.php(82): CodeIgniter\Database\BaseConnection->query('UPDATE users SE...')
#4 C:\laragon\www\PKSJ-2025-SQLi-Mitigation\code\system\CodeIgniter.php(933): App\Controllers\Dashboard->updateProfile()
#5 C:\laragon\www\PKSJ-2025-SQLi-Mitigation\code\system\CodeIgniter.php(507): CodeIgniter\CodeIgniter->runController(Object(App\Controllers\Dashboard))
#6 C:\laragon\www\PKSJ-2025-SQLi-Mitigation\code\system\CodeIgniter.php(354): CodeIgniter\CodeIgniter->handleRequest(NULL, Object(Config\Cache), false)
#7 C:\laragon\www\PKSJ-2025-SQLi-Mitigation\code\system\Boot.php(363): CodeIgniter\CodeIgniter->run()
#8 C:\laragon\www\PKSJ-2025-SQLi-Mitigation\code\system\Boot.php(68): CodeIgniter\Boot::runCodeIgniter(Object(CodeIgniter\CodeIgniter))
#9 C:\laragon\www\PKSJ-2025-SQLi-Mitigation\code\public\index.php(59): CodeIgniter\Boot::bootWeb(Object(Config\Paths))
#10 {main}
DEBUG - 2025-12-04 17:18:32 --> Session: Class initialized using 'CodeIgniter\Session\Handlers\FileHandler' driver.
DEBUG - 2025-12-04 17:18:50 --> Session: Class initialized using 'CodeIgniter\Session\Handlers\FileHandler' driver.
ERROR - 2025-12-04 17:18:50 --> mysqli_sql_exception: You have an error in your SQL syntax; check the manual that corresponds to your MySQL server version for the right syntax to use near '' WHERE id = 2' at line 1 in C:\laragon\www\PKSJ-2025-SQLi-Mitigation\code\system\Database\MySQLi\Connection.php:327
Stack trace:
#0 C:\laragon\www\PKSJ-2025-SQLi-Mitigation\code\system\Database\MySQLi\Connection.php(327): mysqli->query('UPDATE users SE...', 0)
#1 C:\laragon\www\PKSJ-2025-SQLi-Mitigation\code\system\Database\BaseConnection.php(729): CodeIgniter\Database\MySQLi\Connection->execute('UPDATE users SE...')
#2 C:\laragon\www\PKSJ-2025-SQLi-Mitigation\code\system\Database\BaseConnection.php(646): CodeIgniter\Database\BaseConnection->simpleQuery('UPDATE users SE...')
#3 C:\laragon\www\PKSJ-2025-SQLi-Mitigation\code\app\Controllers\Dashboard.php(82): CodeIgniter\Database\BaseConnection->query('UPDATE users SE...')
#4 C:\laragon\www\PKSJ-2025-SQLi-Mitigation\code\system\CodeIgniter.php(933): App\Controllers\Dashboard->updateProfile()
#5 C:\laragon\www\PKSJ-2025-SQLi-Mitigation\code\system\CodeIgniter.php(507): CodeIgniter\CodeIgniter->runController(Object(App\Controllers\Dashboard))
#6 C:\laragon\www\PKSJ-2025-SQLi-Mitigation\code\system\CodeIgniter.php(354): CodeIgniter\CodeIgniter->handleRequest(NULL, Object(Config\Cache), false)
#7 C:\laragon\www\PKSJ-2025-SQLi-Mitigation\code\system\Boot.php(363): CodeIgniter\CodeIgniter->run()
#8 C:\laragon\www\PKSJ-2025-SQLi-Mitigation\code\system\Boot.php(68): CodeIgniter\Boot::runCodeIgniter(Object(CodeIgniter\CodeIgniter))
#9 C:\laragon\www\PKSJ-2025-SQLi-Mitigation\code\public\index.php(59): CodeIgniter\Boot::bootWeb(Object(Config\Paths))
#10 {main}
DEBUG - 2025-12-04 17:18:50 --> Session: Class initialized using 'CodeIgniter\Session\Handlers\FileHandler' driver.
DEBUG - 2025-12-04 17:19:01 --> Session: Class initialized using 'CodeIgniter\Session\Handlers\FileHandler' driver.
DEBUG - 2025-12-04 17:19:01 --> Session: Class initialized using 'CodeIgniter\Session\Handlers\FileHandler' driver.
DEBUG - 2025-12-04 17:20:43 --> Session: Class initialized using 'CodeIgniter\Session\Handlers\FileHandler' driver.
DEBUG - 2025-12-04 17:20:43 --> Session: Class initialized using 'CodeIgniter\Session\Handlers\FileHandler' driver.
